[15:03:09.471] Global cache location 'C:/Users/andre/AppData/Local/Microsoft/TypeScript/4.5', safe file path 'c:/users/andre/workspace/hestia/vite-data-stories/node_modules/typescript/lib/typingsafelist.json', types map path c:/users/andre/workspace/hestia/vite-data-stories/node_modules/typescript/lib/typesmap.json
[15:03:09.474] Processing cache location 'C:/Users/andre/AppData/Local/Microsoft/TypeScript/4.5'
[15:03:09.475] Trying to find 'C:/Users/andre/AppData/Local/Microsoft/TypeScript/4.5/package.json'...
[15:03:09.485] Loaded content of 'C:/Users/andre/AppData/Local/Microsoft/TypeScript/4.5/package.json': {"private":true,"dependencies":{"types-registry":"^0.1.578"},"devDependencies":{"@types/abbrev":"^1.1.2","@types/accepts":"^1.3.5","@types/acorn":"^4.0.6","@types/argparse":"^2.0.10","@types/arr-diff":"^4.0.0","@types/arr-union":"^3.1.0","@types/array-unique":"^0.3.0","@types/array.prototype.flat":"^1.2.1","@types/arrayify-stream":"^1.0.0","@types/asn1":"^0.2.0","@types/assert":"^1.5.6","@types/assert-plus":"^1.0.4","@types/async":"^3.2.12","@types/atob":"^2.1.2","@types/aws4":"^1.11.1","@types/babel__core":"^7.1.17","@types/babel__preset-env":"^7.9.2","@types/babel-core":"^6.25.7","@types/balanced-match":"^1.0.2","@types/big.js":"^6.1.2","@types/bindings":"^1.5.1","@types/bluebird":"^3.5.36","@types/bn.js":"^5.1.0","@types/boolbase":"^1.0.1","@types/brace-expansion":"^1.1.0","@types/braces":"^3.0.1","@types/brorand":"^1.0.30","@types/bser":"^2.0.1","@types/buffer-from":"^1.1.0","@types/buffer-json":"^2.0.1","@types/buffer-xor":"^2.0.0","@types/buffers":"^0.1.31","@types/bytes":"^3.1.1","@types/cacache":"^15.0.1","@types/call-bind":"^1.0.0","@types/callsite":"^1.0.31","@types/caniuse-api":"^3.0.2","@types/caniuse-lite":"^1.0.1","@types/caseless":"^0.12.2","@types/chardet":"^0.8.1","@types/chownr":"^1.0.0","@types/cipher-base":"^1.0.1","@types/clean-css":"^4.2.5","@types/clean-regexp":"^1.0.0","@types/clone":"^2.1.1","@types/clone-deep":"^4.0.1","@types/co":"^4.6.3","@types/color":"^3.0.2","@types/color-convert":"^2.0.0","@types/color-name":"^1.1.1","@types/color-string":"^1.5.2","@types/combined-stream":"^1.0.3","@types/commondir":"^1.0.0","@types/component-emitter":"^1.2.11","@types/compressible":"^2.0.0","@types/compression":"^1.7.2","@types/concat-map":"^0.0.1","@types/concat-stream":"^1.6.1","@types/connect":"^3.4.35","@types/consolidate":"^0.14.1","@types/convert-source-map":"^1.5.2","@types/cookie":"^0.4.1","@types/core-js":"^2.5.5","@types/crc":"^3.4.0","@types/create-hash":"^1.2.2","@types/create-hmac":"^1.1.0","@types/cross-spawn":"^6.0.2","@types/css":"^0.0.33","@types/css-declaration-sorter":"^6.0.1","@types/css-tree":"^1.0.7","@types/cssesc":"^3.0.0","@types/cssnano":"^5.0.0","@types/csso":"^5.0.0","@types/cssom":"^0.4.1","@types/cssstyle":"^2.2.1","@types/cuint":"^0.2.1","@types/d3":"^7.1.0","@types/d3-array":"^3.0.2","@types/d3-axis":"^3.0.1","@types/d3-brush":"^3.0.1","@types/d3-chord":"^3.0.1","@types/d3-collection":"^1.0.10","@types/d3-color":"^3.0.2","@types/d3-contour":"^3.0.1","@types/d3-delaunay":"^6.0.0","@types/d3-dispatch":"^3.0.1","@types/d3-drag":"^3.0.1","@types/d3-dsv":"^3.0.0","@types/d3-ease":"^3.0.0","@types/d3-fetch":"^3.0.1","@types/d3-force":"^3.0.3","@types/d3-format":"^3.0.1","@types/d3-geo":"^3.0.2","@types/d3-hierarchy":"^3.0.2","@types/d3-interpolate":"^3.0.1","@types/d3-path":"^3.0.0","@types/d3-polygon":"^3.0.0","@types/d3-quadtree":"^3.0.2","@types/d3-random":"^3.0.1","@types/d3-sankey":"^0.11.2","@types/d3-scale":"^4.0.2","@types/d3-scale-chromatic":"^3.0.0","@types/d3-selection":"^3.0.2","@types/d3-shape":"^3.0.2","@types/d3-time":"^3.0.0","@types/d3-time-format":"^4.0.0","@types/d3-timer":"^3.0.0","@types/d3-transition":"^3.0.1","@types/d3-zoom":"^3.0.1","@types/dashdash":"^1.14.1","@types/data-urls":"^2.0.1","@types/dc":"^0.0.29","@types/debounce":"^1.2.1","@types/debug":"^4.1.7","@types/decode-uri-component":"^0.2.0","@types/dedent":"^0.7.0","@types/define-properties":"^1.1.3","@types/delaunator":"^5.0.0","@types/depd":"^1.1.32","@types/destroy":"^1.0.0","@types/diffie-hellman":"^5.0.0","@types/dir-glob":"^2.0.1","@types/doctrine":"^0.0.5","@types/domexception":"^2.0.1","@types/duplexer2":"^0.1.3","@types/duplexify":"^3.6.1","@types/ee-first":"^1.1.0","@types/elliptic":"^6.4.14","@types/encodeurl":"^1.0.0","@types/end-of-stream":"^1.4.1","@types/enhanced-resolve":"^3.0.7","@types/es-abstract":"^1.17.3","@types/es-to-primitive":"^1.2.4","@types/escape-html":"^1.0.1","@types/escodegen":"^0.0.7","@types/eslint":"^8.4.1","@types/eslint-config-prettier":"^6.11.0","@types/eslint-plugin-prettier":"^3.1.0","@types/eslint-scope":"^3.7.3","@types/eslint-utils":"^3.0.1","@types/eslint-visitor-keys":"^1.0.0","@types/esm":"^3.2.0","@types/esprima":"^4.0.3","@types/esquery":"^1.0.2","@types/estraverse":"^5.1.1","@types/esutils":"^2.0.0","@types/etag":"^1.8.1","@types/events":"^3.0.0","@types/exit":"^0.1.31","@types/extend":"^3.0.1","@types/extsprintf":"^1.4.2","@types/fast-levenshtein":"^0.0.2","@types/fb-watchman":"^2.0.1","@types/file-entry-cache":"^5.0.2","@types/file-loader":"^5.0.1","@types/file-saver":"^2.0.5","@types/fill-range":"^7.0.0","@types/finalhandler":"^1.1.1","@types/find-cache-dir":"^3.2.1","@types/flat":"^5.0.2","@types/flat-cache":"^2.0.0","@types/flush-write-stream":"^1.0.0","@types/follow-redirects":"^1.13.1","@types/forever-agent":"^0.6.1","@types/fresh":"^0.5.0","@types/from2":"^2.3.1","@types/fs-extra":"^9.0.13","@types/function-bind":"^1.1.6","@types/functional-red-black-tree":"^1.0.1","@types/get-intrinsic":"^1.0.0","@types/get-value":"^3.0.2","@types/getpass":"^0.1.1","@types/git-config-path":"^2.0.1","@types/git-url-parse":"^9.0.1","@types/glob":"^7.2.0","@types/glob-parent":"^5.1.1","@types/glob-to-regexp":"^0.4.1","@types/graceful-fs":"^4.1.5","@types/hard-source-webpack-plugin":"^1.0.4","@types/has":"^1.0.0","@types/has-ansi":"^5.0.0","@types/has-symbols":"^1.0.0","@types/hash-sum":"^1.0.0","@types/he":"^1.1.2","@types/hex-color-regex":"^1.1.1","@types/hosted-git-info":"^3.0.2","@types/html-encoding-sniffer":"^2.0.2","@types/html-escaper":"^3.0.0","@types/html-minifier":"^4.0.2","@types/html-minifier-terser":"^6.1.0","@types/http-errors":"^1.8.2","@types/http-link-header":"^1.0.3","@types/http-proxy":"^1.17.8","@types/icss-utils":"^5.1.0","@types/iferr":"^1.0.2","@types/immediate":"^3.2.0","@types/imurmurhash":"^0.1.1","@types/inherits":"^0.0.30","@types/ini":"^1.3.31","@types/inquirer":"^8.2.0","@types/internal-slot":"^1.0.1","@types/ip":"^1.1.0","@types/is-bigint":"^1.0.0","@types/is-boolean-object":"^1.1.0","@types/is-buffer":"^2.0.0","@types/is-callable":"^1.1.0","@types/is-core-module":"^2.2.0","@types/is-data-descriptor":"^1.0.0","@types/is-date-object":"^1.0.2","@types/is-glob":"^4.0.2","@types/is-number":"^7.0.2","@types/is-regex":"^1.0.0","@types/is-ssh":"^1.3.0","@types/is-string":"^1.0.0","@types/is-typedarray":"^1.0.0","@types/is-windows":"^1.0.0","@types/isarray":"^2.0.0","@types/isexe":"^2.0.1","@types/isstream":"^0.1.0","@types/istanbul-lib-coverage":"^2.0.4","@types/istanbul-lib-instrument":"^1.7.4","@types/istanbul-lib-report":"^3.0.0","@types/istanbul-lib-source-maps":"^4.0.1","@types/istanbul-reports":"^3.0.1","@types/jest":"^27.0.3","@types/js-beautify":"^1.13.3","@types/js-yaml":"^4.0.5","@types/jsbn":"^1.2.30","@types/jsdom":"^16.2.14","@types/jsesc":"^3.0.1","@types/json-parse-better-errors":"^1.0.0","@types/json-schema":"^7.0.9","@types/json-stringify-safe":"^5.0.0","@types/jsonfile":"^6.0.1","@types/jsonld":"^1.5.6","@types/jsonpath-plus":"^5.0.2","@types/kind-of":"^6.0.0","@types/language-tags":"^1.0.0","@types/libsodium-wrappers":"^0.7.9","@types/loader-runner":"^2.2.4","@types/loader-utils":"^2.0.3","@types/lodash":"^4.14.178","@types/lodash.debounce":"^4.0.6","@types/lodash.escaperegexp":"^4.1.6","@types/lodash.groupby":"^4.6.6","@types/lodash.isboolean":"^3.0.6","@types/lodash.isequal":"^4.5.5","@types/lodash.isfunction":"^3.0.6","@types/lodash.isnil":"^4.0.6","@types/lodash.isundefined":"^3.0.6","@types/lodash.kebabcase":"^4.1.6","@types/lodash.memoize":"^4.1.6","@types/lodash.merge":"^4.6.6","@types/lodash.template":"^4.5.0","@types/lodash.throttle":"^4.1.6","@types/lodash.uniq":"^4.5.6","@types/lodash.uniqwith":"^4.5.6","@types/lru-cache":"^5.1.1","@types/memory-fs":"^0.3.3","@types/merge-stream":"^1.1.2","@types/merge2":"^1.3.1","@types/micromatch":"^4.0.2","@types/mime":"^2.0.3","@types/mime-db":"^1.43.1","@types/mime-types":"^2.1.1","@types/min-indent":"^1.0.0","@types/minimalistic-assert":"^1.0.1","@types/minimatch":"^3.0.5","@types/minimist":"^1.2.2","@types/minipass":"^3.1.2","@types/minizlib":"^2.1.3","@types/mkdirp":"^1.0.2","@types/move-concurrently":"^1.0.4","@types/ms":"^0.7.31","@types/multimap":"^1.1.2","@types/mustache":"^4.1.2","@types/mute-stream":"^0.0.1","@types/n3":"^1.10.4","@types/natural-compare":"^1.4.1","@types/negotiator":"^0.6.1","@types/node":"^16.11.12","@types/node-forge":"^1.0.0","@types/node-int64":"^0.4.29","@types/nopt":"^3.0.29","@types/normalize-package-data":"^2.4.1","@types/normalize-path":"^3.0.0","@types/num2fraction":"^1.2.0","@types/nwsapi":"^2.2.2","@types/object-assign":"^4.0.30","@types/object-inspect":"^1.8.1","@types/object-keys":"^1.0.1","@types/object.getownpropertydescriptors":"^2.1.1","@types/object.pick":"^1.3.1","@types/on-finished":"^2.3.1","@types/on-headers":"^1.0.0","@types/once":"^1.4.0","@types/one-time":"^0.0.1","@types/opener":"^1.4.0","@types/optimize-css-assets-webpack-plugin":"^5.0.5","@types/os-tmpdir":"^1.0.0","@types/pako":"^1.0.3","@types/parallel-transform":"^1.1.1","@types/parse-author":"^2.0.1","@types/parse-git-config":"^3.0.1","@types/parse-json":"^4.0.0","@types/parse-link-header":"^1.0.1","@types/parse-path":"^4.0.1","@types/parse5":"^6.0.3","@types/parse5-htmlparser2-tree-adapter":"^6.0.1","@types/parseurl":"^1.3.1","@types/pascalcase":"^1.0.1","@types/path-browserify":"^1.0.0","@types/path-is-absolute":"^1.0.0","@types/path-parse":"^1.0.19","@types/pbkdf2":"^3.1.0","@types/pegjs":"^0.10.3","@types/picomatch":"^2.3.0","@types/pify":"^5.0.1","@types/pkginfo":"^0.4.0","@types/pluralize":"^0.0.29","@types/postcss-calc":"^7.0.2","@types/postcss-gap-properties":"^2.0.1","@types/postcss-import":"^14.0.0","@types/postcss-modules-extract-imports":"^3.0.2","@types/postcss-modules-local-by-default":"^4.0.0","@types/postcss-modules-scope":"^3.0.0","@types/postcss-modules-values":"^4.0.0","@types/postcss-preset-env":"^6.7.3","@types/postcss-url":"^10.0.0","@types/prelude-ls":"^1.1.29","@types/prettier":"^2.4.3","@types/prettier-linter-helpers":"^1.0.1","@types/pretty":"^2.0.1","@types/pretty-time":"^1.1.2","@types/prismjs":"^1.26.0","@types/progress":"^2.0.5","@types/promise-inflight":"^1.0.0","@types/promise-polyfill":"^6.0.4","@types/prompts":"^2.0.14","@types/proper-lockfile":"^4.1.2","@types/protocols":"^1.4.0","@types/psl":"^1.1.0","@types/pump":"^1.1.1","@types/pumpify":"^1.4.1","@types/punycode":"^2.1.0","@types/q":"^1.5.5","@types/qs":"^6.9.7","@types/randombytes":"^2.0.0","@types/range-parser":"^1.2.4","@types/rdf-data-model":"^1.0.3","@types/rdf-ext":"^1.3.11","@types/react-is":"^17.0.3","@types/readable-stream":"^2.3.13","@types/regenerate":"^1.4.1","@types/regenerator-runtime":"^0.13.1","@types/regex-not":"^1.0.0","@types/regression":"^2.0.2","@types/relateurl":"^0.2.29","@types/repeat-element":"^1.1.1","@types/repeat-string":"^1.6.3","@types/request":"^2.48.8","@types/require-directory":"^2.1.2","@types/requires-port":"^1.0.0","@types/resolve":"^1.20.1","@types/retry":"^0.12.1","@types/rimraf":"^3.0.2","@types/ripemd160":"^2.0.0","@types/run-parallel":"^1.1.0","@types/safe-regex":"^1.1.3","@types/safer-buffer":"^2.1.0","@types/sass":"^1.43.1","@types/sass-loader":"^8.0.3","@types/sax":"^1.2.4","@types/sax-stream":"^1.3.2","@types/semver":"^7.3.9","@types/send":"^0.17.1","@types/serialize-javascript":"^5.0.2","@types/serve-static":"^1.13.10","@types/server-destroy":"^1.0.1","@types/set-value":"^4.0.1","@types/setimmediate":"^1.0.2","@types/sha.js":"^2.4.0","@types/sha1":"^1.1.3","@types/share-api-polyfill":"^1.0.2","@types/shebang-command":"^1.2.0","@types/shell-quote":"^1.7.1","@types/sigmund":"^1.0.0","@types/signal-exit":"^3.0.1","@types/simple-swizzle":"^0.2.0","@types/slice-ansi":"^5.0.0","@types/source-list-map":"^0.1.2","@types/source-map-support":"^0.5.4","@types/spark-md5":"^3.0.2","@types/sparqljs":"^3.1.3","@types/spdx-correct":"^2.0.0","@types/spdx-expression-parse":"^3.0.1","@types/sprintf":"^0.1.0","@types/sprintf-js":"^1.1.2","@types/sql.js":"^1.4.3","@types/sshpk":"^1.10.7","@types/ssri":"^7.1.1","@types/stack-trace":"^0.0.29","@types/stack-utils":"^2.0.1","@types/statuses":"^2.0.0","@types/stream-each":"^1.2.0","@types/stream-shift":"^1.0.0","@types/streamify-array":"^1.0.0","@types/streamify-string":"^1.0.0","@types/strict-uri-encode":"^2.0.0","@types/strip-final-newline":"^3.0.0","@types/supports-color":"^8.1.1","@types/svg-tags":"^1.0.0","@types/svgo":"^2.6.1","@types/symbol-tree":"^3.2.2","@types/tapable":"^2.2.2","@types/tape":"^4.13.2","@types/tar":"^6.1.1","@types/text-table":"^0.2.2","@types/through":"^0.0.30","@types/through2":"^2.0.36","@types/timsort":"^0.3.0","@types/tmp":"^0.2.3","@types/tmpl":"^1.0.0","@types/to-regex":"^3.0.0","@types/to-regex-range":"^5.0.0","@types/topojson-client":"^3.1.0","@types/tough-cookie":"^4.0.1","@types/traverse":"^0.6.32","@types/triple-beam":"^1.3.2","@types/type-check":"^0.3.27","@types/type-detect":"^4.0.1","@types/ua-parser-js":"^0.7.36","@types/uglify-js":"^3.13.1","@types/uniq":"^0.0.27","@types/universalify":"^1.0.0","@types/unzipper":"^0.10.5","@types/uritemplate":"^0.3.4","@types/urix":"^0.1.0","@types/util-deprecate":"^1.0.0","@types/util.promisify":"^1.0.4","@types/utils-merge":"^0.0.28","@types/utm":"^1.1.1","@types/uuid":"^8.3.4","@types/validate-npm-package-license":"^3.0.1","@types/vary":"^1.1.0","@types/verror":"^1.10.5","@types/w3c-hr-time":"^1.0.0","@types/w3c-xmlserializer":"^2.0.2","@types/watchpack":"^1.1.7","@types/webidl-conversions":"^6.1.1","@types/webpack":"^5.28.0","@types/webpack-bundle-analyzer":"^4.4.1","@types/webpack-dev-middleware":"^5.0.2","@types/webpack-hot-middleware":"^2.25.5","@types/webpack-node-externals":"^2.5.3","@types/webpack-sources":"^3.2.0","@types/webpackbar":"^4.0.3","@types/whatwg-encoding":"^1.0.0","@types/whatwg-mimetype":"^2.1.1","@types/whatwg-url":"^8.2.1","@types/which":"^2.0.1","@types/wrap-ansi":"^8.0.1","@types/write-file-atomic":"^3.0.3","@types/ws":"^8.2.2","@types/xml":"^1.0.8","@types/xmldom":"^0.1.31","@types/xtend":"^4.0.4","@types/xxhashjs":"^0.2.2","@types/yallist":"^4.0.1","@types/yamljs":"^0.2.31","@types/yargs":"^17.0.8","@types/yargs-parser":"^20.2.1"}}
[15:03:09.486] Loaded content of 'C:/Users/andre/AppData/Local/Microsoft/TypeScript/4.5/package-lock.json'
[15:03:09.505] Adding entry into typings cache: 'abbrev' => 'C:/Users/andre/AppData/Local/Microsoft/TypeScript/4.5/node_modules/@types/abbrev/index.d.ts'
[15:03:09.511] Adding entry into typings cache: 'accepts' => 'C:/Users/andre/AppData/Local/Microsoft/TypeScript/4.5/node_modules/@types/accepts/index.d.ts'
[15:03:09.519] Adding entry into typings cache: 'acorn' => 'C:/Users/andre/AppData/Local/Microsoft/TypeScript/4.5/node_modules/acorn/dist/acorn.d.ts'
[15:03:09.528] Adding entry into typings cache: 'argparse' => 'C:/Users/andre/AppData/Local/Microsoft/TypeScript/4.5/node_modules/@types/argparse/index.d.ts'
[15:03:09.538] Adding entry into typings cache: 'arr-diff' => 'C:/Users/andre/AppData/Local/Microsoft/TypeScript/4.5/node_modules/@types/arr-diff/index.d.ts'
[15:03:09.544] Adding entry into typings cache: 'arr-union' => 'C:/Users/andre/AppData/Local/Microsoft/TypeScript/4.5/node_modules/@types/arr-union/index.d.ts'
[15:03:09.557] Adding entry into typings cache: 'array-unique' => 'C:/Users/andre/AppData/Local/Microsoft/TypeScript/4.5/node_modules/@types/array-unique/index.d.ts'
[15:03:09.562] Adding entry into typings cache: 'array.prototype.flat' => 'C:/Users/andre/AppData/Local/Microsoft/TypeScript/4.5/node_modules/@types/array.prototype.flat/index.d.ts'
[15:03:09.566] Adding entry into typings cache: 'arrayify-stream' => 'C:/Users/andre/AppData/Local/Microsoft/TypeScript/4.5/node_modules/@types/arrayify-stream/index.d.ts'
[15:03:09.570] Adding entry into typings cache: 'asn1' => 'C:/Users/andre/AppData/Local/Microsoft/TypeScript/4.5/node_modules/@types/asn1/index.d.ts'
[15:03:09.573] Adding entry into typings cache: 'assert' => 'C:/Users/andre/AppData/Local/Microsoft/TypeScript/4.5/node_modules/@types/assert/index.d.ts'
[15:03:09.576] Adding entry into typings cache: 'assert-plus' => 'C:/Users/andre/AppData/Local/Microsoft/TypeScript/4.5/node_modules/@types/assert-plus/index.d.ts'
[15:03:09.583] Adding entry into typings cache: 'async' => 'C:/Users/andre/AppData/Local/Microsoft/TypeScript/4.5/node_modules/@types/async/index.d.ts'
[15:03:09.591] Adding entry into typings cache: 'atob' => 'C:/Users/andre/AppData/Local/Microsoft/TypeScript/4.5/node_modules/@types/atob/index.d.ts'
[15:03:09.596] Adding entry into typings cache: 'aws4' => 'C:/Users/andre/AppData/Local/Microsoft/TypeScript/4.5/node_modules/@types/aws4/index.d.ts'
[15:03:09.602] Adding entry into typings cache: 'babel__core' => 'C:/Users/andre/AppData/Local/Microsoft/TypeScript/4.5/node_modules/@types/babel__core/index.d.ts'
[15:03:09.606] Adding entry into typings cache: 'babel__preset-env' => 'C:/Users/andre/AppData/Local/Microsoft/TypeScript/4.5/node_modules/@types/babel__preset-env/index.d.ts'
[15:03:09.612] Adding entry into typings cache: 'babel-core' => 'C:/Users/andre/AppData/Local/Microsoft/TypeScript/4.5/node_modules/@types/babel-core/index.d.ts'
[15:03:09.616] Adding entry into typings cache: 'balanced-match' => 'C:/Users/andre/AppData/Local/Microsoft/TypeScript/4.5/node_modules/@types/balanced-match/index.d.ts'
[15:03:09.619] Adding entry into typings cache: 'big.js' => 'C:/Users/andre/AppData/Local/Microsoft/TypeScript/4.5/node_modules/@types/big.js/index.d.ts'
[15:03:09.622] Adding entry into typings cache: 'bindings' => 'C:/Users/andre/AppData/Local/Microsoft/TypeScript/4.5/node_modules/@types/bindings/index.d.ts'
[15:03:09.626] Adding entry into typings cache: 'bluebird' => 'C:/Users/andre/AppData/Local/Microsoft/TypeScript/4.5/node_modules/@types/bluebird/index.d.ts'
[15:03:09.630] Adding entry into typings cache: 'bn.js' => 'C:/Users/andre/AppData/Local/Microsoft/TypeScript/4.5/node_modules/@types/bn.js/index.d.ts'
[15:03:09.634] Adding entry into typings cache: 'boolbase' => 'C:/Users/andre/AppData/Local/Microsoft/TypeScript/4.5/node_modules/@types/boolbase/index.d.ts'
[15:03:09.638] Adding entry into typings cache: 'brace-expansion' => 'C:/Users/andre/AppData/Local/Microsoft/TypeScript/4.5/node_modules/@types/brace-expansion/index.d.ts'
[15:03:09.647] Adding entry into typings cache: 'braces' => 'C:/Users/andre/AppData/Local/Microsoft/TypeScript/4.5/node_modules/@types/braces/index.d.ts'
[15:03:09.651] Adding entry into typings cache: 'brorand' => 'C:/Users/andre/AppData/Local/Microsoft/TypeScript/4.5/node_modules/@types/brorand/index.d.ts'
[15:03:09.655] Adding entry into typings cache: 'bser' => 'C:/Users/andre/AppData/Local/Microsoft/TypeScript/4.5/node_modules/@types/bser/index.d.ts'
[15:03:09.661] Adding entry into typings cache: 'buffer-from' => 'C:/Users/andre/AppData/Local/Microsoft/TypeScript/4.5/node_modules/@types/buffer-from/index.d.ts'
[15:03:09.665] Adding entry into typings cache: 'buffer-json' => 'C:/Users/andre/AppData/Local/Microsoft/TypeScript/4.5/node_modules/@types/buffer-json/index.d.ts'
[15:03:09.668] Adding entry into typings cache: 'buffer-xor' => 'C:/Users/andre/AppData/Local/Microsoft/TypeScript/4.5/node_modules/@types/buffer-xor/index.d.ts'
[15:03:09.672] Adding entry into typings cache: 'buffers' => 'C:/Users/andre/AppData/Local/Microsoft/TypeScript/4.5/node_modules/@types/buffers/index.d.ts'
[15:03:09.676] Adding entry into typings cache: 'bytes' => 'C:/Users/andre/AppData/Local/Microsoft/TypeScript/4.5/node_modules/@types/bytes/index.d.ts'
[15:03:09.680] Adding entry into typings cache: 'cacache' => 'C:/Users/andre/AppData/Local/Microsoft/TypeScript/4.5/node_modules/@types/cacache/index.d.ts'
[15:03:09.684] Adding entry into typings cache: 'call-bind' => 'C:/Users/andre/AppData/Local/Microsoft/TypeScript/4.5/node_modules/@types/call-bind/index.d.ts'
[15:03:09.687] Adding entry into typings cache: 'callsite' => 'C:/Users/andre/AppData/Local/Microsoft/TypeScript/4.5/node_modules/@types/callsite/index.d.ts'
[15:03:09.691] Adding entry into typings cache: 'caniuse-api' => 'C:/Users/andre/AppData/Local/Microsoft/TypeScript/4.5/node_modules/@types/caniuse-api/index.d.ts'
[15:03:09.699] Adding entry into typings cache: 'caniuse-lite' => 'C:/Users/andre/AppData/Local/Microsoft/TypeScript/4.5/node_modules/@types/caniuse-lite/index.d.ts'
[15:03:09.703] Adding entry into typings cache: 'caseless' => 'C:/Users/andre/AppData/Local/Microsoft/TypeScript/4.5/node_modules/@types/caseless/index.d.ts'
[15:03:09.707] Adding entry into typings cache: 'chardet' => 'C:/Users/andre/AppData/Local/Microsoft/TypeScript/4.5/node_modules/@types/chardet/index.d.ts'
[15:03:09.711] Adding entry into typings cache: 'chownr' => 'C:/Users/andre/AppData/Local/Microsoft/TypeScript/4.5/node_modules/@types/chownr/index.d.ts'
[15:03:09.715] Adding entry into typings cache: 'cipher-base' => 'C:/Users/andre/AppData/Local/Microsoft/TypeScript/4.5/node_modules/@types/cipher-base/index.d.ts'
[15:03:09.719] Adding entry into typings cache: 'clean-css' => 'C:/Users/andre/AppData/Local/Microsoft/TypeScript/4.5/node_modules/@types/clean-css/index.d.ts'
[15:03:09.723] Adding entry into typings cache: 'clean-regexp' => 'C:/Users/andre/AppData/Local/Microsoft/TypeScript/4.5/node_modules/@types/clean-regexp/index.d.ts'
[15:03:09.727] Adding entry into typings cache: 'clone' => 'C:/Users/andre/AppData/Local/Microsoft/TypeScript/4.5/node_modules/@types/clone/index.d.ts'
[15:03:09.730] Adding entry into typings cache: 'clone-deep' => 'C:/Users/andre/AppData/Local/Microsoft/TypeScript/4.5/node_modules/@types/clone-deep/index.d.ts'
[15:03:09.733] Adding entry into typings cache: 'co' => 'C:/Users/andre/AppData/Local/Microsoft/TypeScript/4.5/node_modules/@types/co/index.d.ts'
[15:03:09.738] Adding entry into typings cache: 'color' => 'C:/Users/andre/AppData/Local/Microsoft/TypeScript/4.5/node_modules/@types/color/index.d.ts'
[15:03:09.747] Adding entry into typings cache: 'color-convert' => 'C:/Users/andre/AppData/Local/Microsoft/TypeScript/4.5/node_modules/@types/color-convert/index.d.ts'
[15:03:09.755] Adding entry into typings cache: 'color-name' => 'C:/Users/andre/AppData/Local/Microsoft/TypeScript/4.5/node_modules/@types/color-name/index.d.ts'
[15:03:09.758] Adding entry into typings cache: 'color-string' => 'C:/Users/andre/AppData/Local/Microsoft/TypeScript/4.5/node_modules/@types/color-string/index.d.ts'
[15:03:09.767] Adding entry into typings cache: 'combined-stream' => 'C:/Users/andre/AppData/Local/Microsoft/TypeScript/4.5/node_modules/@types/combined-stream/index.d.ts'
[15:03:09.770] Adding entry into typings cache: 'commondir' => 'C:/Users/andre/AppData/Local/Microsoft/TypeScript/4.5/node_modules/@types/commondir/index.d.ts'
[15:03:09.781] Adding entry into typings cache: 'component-emitter' => 'C:/Users/andre/AppData/Local/Microsoft/TypeScript/4.5/node_modules/@types/component-emitter/index.d.ts'
[15:03:09.785] Adding entry into typings cache: 'compressible' => 'C:/Users/andre/AppData/Local/Microsoft/TypeScript/4.5/node_modules/@types/compressible/index.d.ts'
[15:03:09.790] Adding entry into typings cache: 'compression' => 'C:/Users/andre/AppData/Local/Microsoft/TypeScript/4.5/node_modules/@types/compression/index.d.ts'
[15:03:09.794] Adding entry into typings cache: 'concat-map' => 'C:/Users/andre/AppData/Local/Microsoft/TypeScript/4.5/node_modules/@types/concat-map/index.d.ts'
[15:03:09.797] Adding entry into typings cache: 'concat-stream' => 'C:/Users/andre/AppData/Local/Microsoft/TypeScript/4.5/node_modules/@types/concat-stream/index.d.ts'
[15:03:09.802] Adding entry into typings cache: 'connect' => 'C:/Users/andre/AppData/Local/Microsoft/TypeScript/4.5/node_modules/@types/connect/index.d.ts'
[15:03:09.805] Adding entry into typings cache: 'consolidate' => 'C:/Users/andre/AppData/Local/Microsoft/TypeScript/4.5/node_modules/@types/consolidate/index.d.ts'
[15:03:09.812] Adding entry into typings cache: 'convert-source-map' => 'C:/Users/andre/AppData/Local/Microsoft/TypeScript/4.5/node_modules/@types/convert-source-map/index.d.ts'
[15:03:09.816] Adding entry into typings cache: 'cookie' => 'C:/Users/andre/AppData/Local/Microsoft/TypeScript/4.5/node_modules/@types/cookie/index.d.ts'
[15:03:09.821] Adding entry into typings cache: 'core-js' => 'C:/Users/andre/AppData/Local/Microsoft/TypeScript/4.5/node_modules/@types/core-js/index.d.ts'
[15:03:09.825] Adding entry into typings cache: 'crc' => 'C:/Users/andre/AppData/Local/Microsoft/TypeScript/4.5/node_modules/@types/crc/index.d.ts'
[15:03:09.829] Adding entry into typings cache: 'create-hash' => 'C:/Users/andre/AppData/Local/Microsoft/TypeScript/4.5/node_modules/@types/create-hash/index.d.ts'
[15:03:09.833] Adding entry into typings cache: 'create-hmac' => 'C:/Users/andre/AppData/Local/Microsoft/TypeScript/4.5/node_modules/@types/create-hmac/index.d.ts'
[15:03:09.836] Adding entry into typings cache: 'cross-spawn' => 'C:/Users/andre/AppData/Local/Microsoft/TypeScript/4.5/node_modules/@types/cross-spawn/index.d.ts'
[15:03:09.840] Adding entry into typings cache: 'css' => 'C:/Users/andre/AppData/Local/Microsoft/TypeScript/4.5/node_modules/@types/css/index.d.ts'
[15:03:09.844] Adding entry into typings cache: 'css-declaration-sorter' => 'C:/Users/andre/AppData/Local/Microsoft/TypeScript/4.5/node_modules/@types/css-declaration-sorter/index.d.ts'
[15:03:09.848] Adding entry into typings cache: 'css-tree' => 'C:/Users/andre/AppData/Local/Microsoft/TypeScript/4.5/node_modules/@types/css-tree/index.d.ts'
[15:03:09.853] Adding entry into typings cache: 'cssesc' => 'C:/Users/andre/AppData/Local/Microsoft/TypeScript/4.5/node_modules/@types/cssesc/index.d.ts'
[15:03:09.857] Adding entry into typings cache: 'cssnano' => 'C:/Users/andre/AppData/Local/Microsoft/TypeScript/4.5/node_modules/@types/cssnano/index.d.ts'
[15:03:09.860] Adding entry into typings cache: 'csso' => 'C:/Users/andre/AppData/Local/Microsoft/TypeScript/4.5/node_modules/@types/csso/index.d.ts'
[15:03:09.864] Adding entry into typings cache: 'cssom' => 'C:/Users/andre/AppData/Local/Microsoft/TypeScript/4.5/node_modules/@types/cssom/index.d.ts'
[15:03:09.868] Adding entry into typings cache: 'cssstyle' => 'C:/Users/andre/AppData/Local/Microsoft/TypeScript/4.5/node_modules/@types/cssstyle/index.d.ts'
[15:03:09.872] Adding entry into typings cache: 'cuint' => 'C:/Users/andre/AppData/Local/Microsoft/TypeScript/4.5/node_modules/@types/cuint/index.d.ts'
[15:03:09.880] Adding entry into typings cache: 'd3' => 'C:/Users/andre/AppData/Local/Microsoft/TypeScript/4.5/node_modules/@types/d3/index.d.ts'
[15:03:09.885] Adding entry into typings cache: 'd3-array' => 'C:/Users/andre/AppData/Local/Microsoft/TypeScript/4.5/node_modules/@types/d3-array/index.d.ts'
[15:03:09.889] Adding entry into typings cache: 'd3-axis' => 'C:/Users/andre/AppData/Local/Microsoft/TypeScript/4.5/node_modules/@types/d3-axis/index.d.ts'
[15:03:09.894] Adding entry into typings cache: 'd3-brush' => 'C:/Users/andre/AppData/Local/Microsoft/TypeScript/4.5/node_modules/@types/d3-brush/index.d.ts'
[15:03:09.900] Adding entry into typings cache: 'd3-chord' => 'C:/Users/andre/AppData/Local/Microsoft/TypeScript/4.5/node_modules/@types/d3-chord/index.d.ts'
[15:03:09.904] Adding entry into typings cache: 'd3-collection' => 'C:/Users/andre/AppData/Local/Microsoft/TypeScript/4.5/node_modules/@types/d3-collection/index.d.ts'
[15:03:09.908] Adding entry into typings cache: 'd3-color' => 'C:/Users/andre/AppData/Local/Microsoft/TypeScript/4.5/node_modules/@types/d3-color/index.d.ts'
[15:03:09.912] Adding entry into typings cache: 'd3-contour' => 'C:/Users/andre/AppData/Local/Microsoft/TypeScript/4.5/node_modules/@types/d3-contour/index.d.ts'
[15:03:09.916] Adding entry into typings cache: 'd3-delaunay' => 'C:/Users/andre/AppData/Local/Microsoft/TypeScript/4.5/node_modules/@types/d3-delaunay/index.d.ts'
[15:03:09.920] Adding entry into typings cache: 'd3-dispatch' => 'C:/Users/andre/AppData/Local/Microsoft/TypeScript/4.5/node_modules/@types/d3-dispatch/index.d.ts'
[15:03:09.924] Adding entry into typings cache: 'd3-drag' => 'C:/Users/andre/AppData/Local/Microsoft/TypeScript/4.5/node_modules/@types/d3-drag/index.d.ts'
[15:03:09.927] Adding entry into typings cache: 'd3-dsv' => 'C:/Users/andre/AppData/Local/Microsoft/TypeScript/4.5/node_modules/@types/d3-dsv/index.d.ts'
[15:03:09.932] Adding entry into typings cache: 'd3-ease' => 'C:/Users/andre/AppData/Local/Microsoft/TypeScript/4.5/node_modules/@types/d3-ease/index.d.ts'
[15:03:09.936] Adding entry into typings cache: 'd3-fetch' => 'C:/Users/andre/AppData/Local/Microsoft/TypeScript/4.5/node_modules/@types/d3-fetch/index.d.ts'
[15:03:09.940] Adding entry into typings cache: 'd3-force' => 'C:/Users/andre/AppData/Local/Microsoft/TypeScript/4.5/node_modules/@types/d3-force/index.d.ts'
[15:03:09.944] Adding entry into typings cache: 'd3-format' => 'C:/Users/andre/AppData/Local/Microsoft/TypeScript/4.5/node_modules/@types/d3-format/index.d.ts'
[15:03:09.951] Adding entry into typings cache: 'd3-geo' => 'C:/Users/andre/AppData/Local/Microsoft/TypeScript/4.5/node_modules/@types/d3-geo/index.d.ts'
[15:03:09.953] Adding entry into typings cache: 'd3-hierarchy' => 'C:/Users/andre/AppData/Local/Microsoft/TypeScript/4.5/node_modules/@types/d3-hierarchy/index.d.ts'
[15:03:09.956] Adding entry into typings cache: 'd3-interpolate' => 'C:/Users/andre/AppData/Local/Microsoft/TypeScript/4.5/node_modules/@types/d3-interpolate/index.d.ts'
[15:03:09.959] Adding entry into typings cache: 'd3-path' => 'C:/Users/andre/AppData/Local/Microsoft/TypeScript/4.5/node_modules/@types/d3-path/index.d.ts'
[15:03:09.965] Adding entry into typings cache: 'd3-polygon' => 'C:/Users/andre/AppData/Local/Microsoft/TypeScript/4.5/node_modules/@types/d3-polygon/index.d.ts'
[15:03:09.969] Adding entry into typings cache: 'd3-quadtree' => 'C:/Users/andre/AppData/Local/Microsoft/TypeScript/4.5/node_modules/@types/d3-quadtree/index.d.ts'
[15:03:09.974] Adding entry into typings cache: 'd3-random' => 'C:/Users/andre/AppData/Local/Microsoft/TypeScript/4.5/node_modules/@types/d3-random/index.d.ts'
[15:03:09.978] Adding entry into typings cache: 'd3-sankey' => 'C:/Users/andre/AppData/Local/Microsoft/TypeScript/4.5/node_modules/@types/d3-sankey/index.d.ts'
[15:03:09.984] Adding entry into typings cache: 'd3-scale' => 'C:/Users/andre/AppData/Local/Microsoft/TypeScript/4.5/node_modules/@types/d3-scale/index.d.ts'
[15:03:09.988] Adding entry into typings cache: 'd3-scale-chromatic' => 'C:/Users/andre/AppData/Local/Microsoft/TypeScript/4.5/node_modules/@types/d3-scale-chromatic/index.d.ts'
[15:03:09.992] Adding entry into typings cache: 'd3-selection' => 'C:/Users/andre/AppData/Local/Microsoft/TypeScript/4.5/node_modules/@types/d3-selection/index.d.ts'
[15:03:10.000] Adding entry into typings cache: 'd3-shape' => 'C:/Users/andre/AppData/Local/Microsoft/TypeScript/4.5/node_modules/@types/d3-shape/index.d.ts'
[15:03:10.005] Adding entry into typings cache: 'd3-time' => 'C:/Users/andre/AppData/Local/Microsoft/TypeScript/4.5/node_modules/@types/d3-time/index.d.ts'
[15:03:10.009] Adding entry into typings cache: 'd3-time-format' => 'C:/Users/andre/AppData/Local/Microsoft/TypeScript/4.5/node_modules/@types/d3-time-format/index.d.ts'
[15:03:10.013] Adding entry into typings cache: 'd3-timer' => 'C:/Users/andre/AppData/Local/Microsoft/TypeScript/4.5/node_modules/@types/d3-timer/index.d.ts'
[15:03:10.017] Adding entry into typings cache: 'd3-transition' => 'C:/Users/andre/AppData/Local/Microsoft/TypeScript/4.5/node_modules/@types/d3-transition/index.d.ts'
[15:03:10.021] Adding entry into typings cache: 'd3-zoom' => 'C:/Users/andre/AppData/Local/Microsoft/TypeScript/4.5/node_modules/@types/d3-zoom/index.d.ts'
[15:03:10.024] Adding entry into typings cache: 'dashdash' => 'C:/Users/andre/AppData/Local/Microsoft/TypeScript/4.5/node_modules/@types/dashdash/index.d.ts'
[15:03:10.028] Adding entry into typings cache: 'data-urls' => 'C:/Users/andre/AppData/Local/Microsoft/TypeScript/4.5/node_modules/@types/data-urls/index.d.ts'
[15:03:10.033] Adding entry into typings cache: 'dc' => 'C:/Users/andre/AppData/Local/Microsoft/TypeScript/4.5/node_modules/@types/dc/index.d.ts'
[15:03:10.037] Adding entry into typings cache: 'debounce' => 'C:/Users/andre/AppData/Local/Microsoft/TypeScript/4.5/node_modules/@types/debounce/index.d.ts'
[15:03:10.042] Adding entry into typings cache: 'debug' => 'C:/Users/andre/AppData/Local/Microsoft/TypeScript/4.5/node_modules/@types/debug/index.d.ts'
[15:03:10.046] Adding entry into typings cache: 'decode-uri-component' => 'C:/Users/andre/AppData/Local/Microsoft/TypeScript/4.5/node_modules/@types/decode-uri-component/index.d.ts'
[15:03:10.050] Adding entry into typings cache: 'dedent' => 'C:/Users/andre/AppData/Local/Microsoft/TypeScript/4.5/node_modules/@types/dedent/index.d.ts'
[15:03:10.054] Adding entry into typings cache: 'define-properties' => 'C:/Users/andre/AppData/Local/Microsoft/TypeScript/4.5/node_modules/@types/define-properties/index.d.ts'
[15:03:10.061] Adding entry into typings cache: 'delaunator' => 'C:/Users/andre/AppData/Local/Microsoft/TypeScript/4.5/node_modules/@types/delaunator/index.d.ts'
[15:03:10.065] Adding entry into typings cache: 'depd' => 'C:/Users/andre/AppData/Local/Microsoft/TypeScript/4.5/node_modules/@types/depd/index.d.ts'
[15:03:10.069] Adding entry into typings cache: 'destroy' => 'C:/Users/andre/AppData/Local/Microsoft/TypeScript/4.5/node_modules/@types/destroy/index.d.ts'
[15:03:10.075] Adding entry into typings cache: 'diffie-hellman' => 'C:/Users/andre/AppData/Local/Microsoft/TypeScript/4.5/node_modules/@types/diffie-hellman/index.d.ts'
[15:03:10.079] Adding entry into typings cache: 'dir-glob' => 'C:/Users/andre/AppData/Local/Microsoft/TypeScript/4.5/node_modules/@types/dir-glob/index.d.ts'
[15:03:10.082] Adding entry into typings cache: 'doctrine' => 'C:/Users/andre/AppData/Local/Microsoft/TypeScript/4.5/node_modules/@types/doctrine/index.d.ts'
[15:03:10.086] Adding entry into typings cache: 'domexception' => 'C:/Users/andre/AppData/Local/Microsoft/TypeScript/4.5/node_modules/@types/domexception/index.d.ts'
[15:03:10.089] Adding entry into typings cache: 'duplexer2' => 'C:/Users/andre/AppData/Local/Microsoft/TypeScript/4.5/node_modules/@types/duplexer2/index.d.ts'
[15:03:10.092] Adding entry into typings cache: 'duplexify' => 'C:/Users/andre/AppData/Local/Microsoft/TypeScript/4.5/node_modules/@types/duplexify/index.d.ts'
[15:03:10.096] Adding entry into typings cache: 'ee-first' => 'C:/Users/andre/AppData/Local/Microsoft/TypeScript/4.5/node_modules/@types/ee-first/index.d.ts'
[15:03:10.100] Adding entry into typings cache: 'elliptic' => 'C:/Users/andre/AppData/Local/Microsoft/TypeScript/4.5/node_modules/@types/elliptic/index.d.ts'
[15:03:10.106] Adding entry into typings cache: 'encodeurl' => 'C:/Users/andre/AppData/Local/Microsoft/TypeScript/4.5/node_modules/@types/encodeurl/index.d.ts'
[15:03:10.109] Adding entry into typings cache: 'end-of-stream' => 'C:/Users/andre/AppData/Local/Microsoft/TypeScript/4.5/node_modules/@types/end-of-stream/index.d.ts'
[15:03:10.113] Adding entry into typings cache: 'enhanced-resolve' => 'C:/Users/andre/AppData/Local/Microsoft/TypeScript/4.5/node_modules/enhanced-resolve/types.d.ts'
[15:03:10.117] Adding entry into typings cache: 'es-abstract' => 'C:/Users/andre/AppData/Local/Microsoft/TypeScript/4.5/node_modules/@types/es-abstract/index.d.ts'
[15:03:10.121] Adding entry into typings cache: 'es-to-primitive' => 'C:/Users/andre/AppData/Local/Microsoft/TypeScript/4.5/node_modules/@types/es-to-primitive/index.d.ts'
[15:03:10.125] Adding entry into typings cache: 'escape-html' => 'C:/Users/andre/AppData/Local/Microsoft/TypeScript/4.5/node_modules/@types/escape-html/index.d.ts'
[15:03:10.131] Adding entry into typings cache: 'escodegen' => 'C:/Users/andre/AppData/Local/Microsoft/TypeScript/4.5/node_modules/@types/escodegen/index.d.ts'
[15:03:10.136] Adding entry into typings cache: 'eslint' => 'C:/Users/andre/AppData/Local/Microsoft/TypeScript/4.5/node_modules/@types/eslint/index.d.ts'
[15:03:10.140] Adding entry into typings cache: 'eslint-config-prettier' => 'C:/Users/andre/AppData/Local/Microsoft/TypeScript/4.5/node_modules/@types/eslint-config-prettier/index.d.ts'
[15:03:10.143] Adding entry into typings cache: 'eslint-plugin-prettier' => 'C:/Users/andre/AppData/Local/Microsoft/TypeScript/4.5/node_modules/@types/eslint-plugin-prettier/index.d.ts'
[15:03:10.148] Adding entry into typings cache: 'eslint-scope' => 'C:/Users/andre/AppData/Local/Microsoft/TypeScript/4.5/node_modules/@types/eslint-scope/index.d.ts'
[15:03:10.151] Adding entry into typings cache: 'eslint-utils' => 'C:/Users/andre/AppData/Local/Microsoft/TypeScript/4.5/node_modules/@types/eslint-utils/index.d.ts'
[15:03:10.154] Adding entry into typings cache: 'eslint-visitor-keys' => 'C:/Users/andre/AppData/Local/Microsoft/TypeScript/4.5/node_modules/@types/eslint-visitor-keys/index.d.ts'
[15:03:10.157] Adding entry into typings cache: 'esm' => 'C:/Users/andre/AppData/Local/Microsoft/TypeScript/4.5/node_modules/@types/esm/index.d.ts'
[15:03:10.160] Adding entry into typings cache: 'esprima' => 'C:/Users/andre/AppData/Local/Microsoft/TypeScript/4.5/node_modules/@types/esprima/index.d.ts'
[15:03:10.164] Adding entry into typings cache: 'esquery' => 'C:/Users/andre/AppData/Local/Microsoft/TypeScript/4.5/node_modules/@types/esquery/index.d.ts'
[15:03:10.173] Adding entry into typings cache: 'estraverse' => 'C:/Users/andre/AppData/Local/Microsoft/TypeScript/4.5/node_modules/@types/estraverse/index.d.ts'
[15:03:10.177] Adding entry into typings cache: 'esutils' => 'C:/Users/andre/AppData/Local/Microsoft/TypeScript/4.5/node_modules/@types/esutils/index.d.ts'
[15:03:10.180] Adding entry into typings cache: 'etag' => 'C:/Users/andre/AppData/Local/Microsoft/TypeScript/4.5/node_modules/@types/etag/index.d.ts'
[15:03:10.186] Adding entry into typings cache: 'events' => 'C:/Users/andre/AppData/Local/Microsoft/TypeScript/4.5/node_modules/@types/events/index.d.ts'
[15:03:10.189] Adding entry into typings cache: 'exit' => 'C:/Users/andre/AppData/Local/Microsoft/TypeScript/4.5/node_modules/@types/exit/index.d.ts'
[15:03:10.192] Adding entry into typings cache: 'extend' => 'C:/Users/andre/AppData/Local/Microsoft/TypeScript/4.5/node_modules/@types/extend/index.d.ts'
[15:03:10.195] Adding entry into typings cache: 'extsprintf' => 'C:/Users/andre/AppData/Local/Microsoft/TypeScript/4.5/node_modules/@types/extsprintf/index.d.ts'
[15:03:10.197] Adding entry into typings cache: 'fast-levenshtein' => 'C:/Users/andre/AppData/Local/Microsoft/TypeScript/4.5/node_modules/@types/fast-levenshtein/index.d.ts'
[15:03:10.200] Adding entry into typings cache: 'fb-watchman' => 'C:/Users/andre/AppData/Local/Microsoft/TypeScript/4.5/node_modules/@types/fb-watchman/index.d.ts'
[15:03:10.204] Adding entry into typings cache: 'file-entry-cache' => 'C:/Users/andre/AppData/Local/Microsoft/TypeScript/4.5/node_modules/@types/file-entry-cache/index.d.ts'
[15:03:10.209] Adding entry into typings cache: 'file-loader' => 'C:/Users/andre/AppData/Local/Microsoft/TypeScript/4.5/node_modules/@types/file-loader/index.d.ts'
[15:03:10.213] Adding entry into typings cache: 'file-saver' => 'C:/Users/andre/AppData/Local/Microsoft/TypeScript/4.5/node_modules/@types/file-saver/index.d.ts'
[15:03:10.219] Adding entry into typings cache: 'fill-range' => 'C:/Users/andre/AppData/Local/Microsoft/TypeScript/4.5/node_modules/@types/fill-range/index.d.ts'
[15:03:10.221] Adding entry into typings cache: 'finalhandler' => 'C:/Users/andre/AppData/Local/Microsoft/TypeScript/4.5/node_modules/@types/finalhandler/index.d.ts'
[15:03:10.224] Adding entry into typings cache: 'find-cache-dir' => 'C:/Users/andre/AppData/Local/Microsoft/TypeScript/4.5/node_modules/@types/find-cache-dir/index.d.ts'
[15:03:10.227] Adding entry into typings cache: 'flat' => 'C:/Users/andre/AppData/Local/Microsoft/TypeScript/4.5/node_modules/@types/flat/index.d.ts'
[15:03:10.230] Adding entry into typings cache: 'flat-cache' => 'C:/Users/andre/AppData/Local/Microsoft/TypeScript/4.5/node_modules/@types/flat-cache/index.d.ts'
[15:03:10.236] Adding entry into typings cache: 'flush-write-stream' => 'C:/Users/andre/AppData/Local/Microsoft/TypeScript/4.5/node_modules/@types/flush-write-stream/index.d.ts'
[15:03:10.240] Adding entry into typings cache: 'follow-redirects' => 'C:/Users/andre/AppData/Local/Microsoft/TypeScript/4.5/node_modules/@types/follow-redirects/index.d.ts'
[15:03:10.243] Adding entry into typings cache: 'forever-agent' => 'C:/Users/andre/AppData/Local/Microsoft/TypeScript/4.5/node_modules/@types/forever-agent/index.d.ts'
[15:03:10.246] Adding entry into typings cache: 'fresh' => 'C:/Users/andre/AppData/Local/Microsoft/TypeScript/4.5/node_modules/@types/fresh/index.d.ts'
[15:03:10.249] Adding entry into typings cache: 'from2' => 'C:/Users/andre/AppData/Local/Microsoft/TypeScript/4.5/node_modules/@types/from2/index.d.ts'
[15:03:10.252] Adding entry into typings cache: 'fs-extra' => 'C:/Users/andre/AppData/Local/Microsoft/TypeScript/4.5/node_modules/@types/fs-extra/index.d.ts'
[15:03:10.257] Adding entry into typings cache: 'function-bind' => 'C:/Users/andre/AppData/Local/Microsoft/TypeScript/4.5/node_modules/@types/function-bind/index.d.ts'
[15:03:10.260] Adding entry into typings cache: 'functional-red-black-tree' => 'C:/Users/andre/AppData/Local/Microsoft/TypeScript/4.5/node_modules/@types/functional-red-black-tree/index.d.ts'
[15:03:10.264] Adding entry into typings cache: 'get-intrinsic' => 'C:/Users/andre/AppData/Local/Microsoft/TypeScript/4.5/node_modules/@types/get-intrinsic/index.d.ts'
[15:03:10.271] Adding entry into typings cache: 'get-value' => 'C:/Users/andre/AppData/Local/Microsoft/TypeScript/4.5/node_modules/@types/get-value/index.d.ts'
[15:03:10.275] Adding entry into typings cache: 'getpass' => 'C:/Users/andre/AppData/Local/Microsoft/TypeScript/4.5/node_modules/@types/getpass/index.d.ts'
[15:03:10.278] Adding entry into typings cache: 'git-config-path' => 'C:/Users/andre/AppData/Local/Microsoft/TypeScript/4.5/node_modules/@types/git-config-path/index.d.ts'
[15:03:10.282] Adding entry into typings cache: 'git-url-parse' => 'C:/Users/andre/AppData/Local/Microsoft/TypeScript/4.5/node_modules/@types/git-url-parse/index.d.ts'
[15:03:10.285] Adding entry into typings cache: 'glob' => 'C:/Users/andre/AppData/Local/Microsoft/TypeScript/4.5/node_modules/@types/glob/index.d.ts'
[15:03:10.290] Adding entry into typings cache: 'glob-parent' => 'C:/Users/andre/AppData/Local/Microsoft/TypeScript/4.5/node_modules/@types/glob-parent/index.d.ts'
[15:03:10.295] Adding entry into typings cache: 'glob-to-regexp' => 'C:/Users/andre/AppData/Local/Microsoft/TypeScript/4.5/node_modules/@types/glob-to-regexp/index.d.ts'
[15:03:10.303] Adding entry into typings cache: 'graceful-fs' => 'C:/Users/andre/AppData/Local/Microsoft/TypeScript/4.5/node_modules/@types/graceful-fs/index.d.ts'
[15:03:10.306] Adding entry into typings cache: 'hard-source-webpack-plugin' => 'C:/Users/andre/AppData/Local/Microsoft/TypeScript/4.5/node_modules/@types/hard-source-webpack-plugin/index.d.ts'
[15:03:10.309] Adding entry into typings cache: 'has' => 'C:/Users/andre/AppData/Local/Microsoft/TypeScript/4.5/node_modules/@types/has/index.d.ts'
[15:03:10.312] Adding entry into typings cache: 'has-ansi' => 'C:/Users/andre/AppData/Local/Microsoft/TypeScript/4.5/node_modules/@types/has-ansi/index.d.ts'
[15:03:10.315] Adding entry into typings cache: 'has-symbols' => 'C:/Users/andre/AppData/Local/Microsoft/TypeScript/4.5/node_modules/@types/has-symbols/index.d.ts'
[15:03:10.318] Adding entry into typings cache: 'hash-sum' => 'C:/Users/andre/AppData/Local/Microsoft/TypeScript/4.5/node_modules/@types/hash-sum/index.d.ts'
[15:03:10.322] Adding entry into typings cache: 'he' => 'C:/Users/andre/AppData/Local/Microsoft/TypeScript/4.5/node_modules/@types/he/index.d.ts'
[15:03:10.325] Adding entry into typings cache: 'hex-color-regex' => 'C:/Users/andre/AppData/Local/Microsoft/TypeScript/4.5/node_modules/@types/hex-color-regex/index.d.ts'
[15:03:10.328] Adding entry into typings cache: 'hosted-git-info' => 'C:/Users/andre/AppData/Local/Microsoft/TypeScript/4.5/node_modules/@types/hosted-git-info/index.d.ts'
[15:03:10.332] Adding entry into typings cache: 'html-encoding-sniffer' => 'C:/Users/andre/AppData/Local/Microsoft/TypeScript/4.5/node_modules/@types/html-encoding-sniffer/index.d.ts'
[15:03:10.335] Adding entry into typings cache: 'html-escaper' => 'C:/Users/andre/AppData/Local/Microsoft/TypeScript/4.5/node_modules/@types/html-escaper/index.d.ts'
[15:03:10.338] Adding entry into typings cache: 'html-minifier' => 'C:/Users/andre/AppData/Local/Microsoft/TypeScript/4.5/node_modules/@types/html-minifier/index.d.ts'
[15:03:10.341] Adding entry into typings cache: 'html-minifier-terser' => 'C:/Users/andre/AppData/Local/Microsoft/TypeScript/4.5/node_modules/@types/html-minifier-terser/index.d.ts'
[15:03:10.344] Adding entry into typings cache: 'http-errors' => 'C:/Users/andre/AppData/Local/Microsoft/TypeScript/4.5/node_modules/@types/http-errors/index.d.ts'
[15:03:10.348] Adding entry into typings cache: 'http-link-header' => 'C:/Users/andre/AppData/Local/Microsoft/TypeScript/4.5/node_modules/@types/http-link-header/index.d.ts'
[15:03:10.352] Adding entry into typings cache: 'http-proxy' => 'C:/Users/andre/AppData/Local/Microsoft/TypeScript/4.5/node_modules/@types/http-proxy/index.d.ts'
[15:03:10.355] Adding entry into typings cache: 'icss-utils' => 'C:/Users/andre/AppData/Local/Microsoft/TypeScript/4.5/node_modules/@types/icss-utils/index.d.ts'
[15:03:10.358] Adding entry into typings cache: 'iferr' => 'C:/Users/andre/AppData/Local/Microsoft/TypeScript/4.5/node_modules/@types/iferr/index.d.ts'
[15:03:10.361] Adding entry into typings cache: 'immediate' => 'C:/Users/andre/AppData/Local/Microsoft/TypeScript/4.5/node_modules/@types/immediate/index.d.ts'
[15:03:10.365] Adding entry into typings cache: 'imurmurhash' => 'C:/Users/andre/AppData/Local/Microsoft/TypeScript/4.5/node_modules/@types/imurmurhash/index.d.ts'
[15:03:10.373] Adding entry into typings cache: 'inherits' => 'C:/Users/andre/AppData/Local/Microsoft/TypeScript/4.5/node_modules/@types/inherits/index.d.ts'
[15:03:10.377] Adding entry into typings cache: 'ini' => 'C:/Users/andre/AppData/Local/Microsoft/TypeScript/4.5/node_modules/@types/ini/index.d.ts'
[15:03:10.381] Adding entry into typings cache: 'inquirer' => 'C:/Users/andre/AppData/Local/Microsoft/TypeScript/4.5/node_modules/@types/inquirer/index.d.ts'
[15:03:10.384] Adding entry into typings cache: 'internal-slot' => 'C:/Users/andre/AppData/Local/Microsoft/TypeScript/4.5/node_modules/@types/internal-slot/index.d.ts'
[15:03:10.388] Adding entry into typings cache: 'ip' => 'C:/Users/andre/AppData/Local/Microsoft/TypeScript/4.5/node_modules/@types/ip/index.d.ts'
[15:03:10.390] Adding entry into typings cache: 'is-bigint' => 'C:/Users/andre/AppData/Local/Microsoft/TypeScript/4.5/node_modules/@types/is-bigint/index.d.ts'
[15:03:10.393] Adding entry into typings cache: 'is-boolean-object' => 'C:/Users/andre/AppData/Local/Microsoft/TypeScript/4.5/node_modules/@types/is-boolean-object/index.d.ts'
[15:03:10.397] Adding entry into typings cache: 'is-buffer' => 'C:/Users/andre/AppData/Local/Microsoft/TypeScript/4.5/node_modules/@types/is-buffer/index.d.ts'
[15:03:10.399] Adding entry into typings cache: 'is-callable' => 'C:/Users/andre/AppData/Local/Microsoft/TypeScript/4.5/node_modules/@types/is-callable/index.d.ts'
[15:03:10.403] Adding entry into typings cache: 'is-core-module' => 'C:/Users/andre/AppData/Local/Microsoft/TypeScript/4.5/node_modules/@types/is-core-module/index.d.ts'
[15:03:10.406] Adding entry into typings cache: 'is-data-descriptor' => 'C:/Users/andre/AppData/Local/Microsoft/TypeScript/4.5/node_modules/@types/is-data-descriptor/index.d.ts'
[15:03:10.408] Adding entry into typings cache: 'is-date-object' => 'C:/Users/andre/AppData/Local/Microsoft/TypeScript/4.5/node_modules/@types/is-date-object/index.d.ts'
[15:03:10.412] Adding entry into typings cache: 'is-glob' => 'C:/Users/andre/AppData/Local/Microsoft/TypeScript/4.5/node_modules/@types/is-glob/index.d.ts'
[15:03:10.415] Adding entry into typings cache: 'is-number' => 'C:/Users/andre/AppData/Local/Microsoft/TypeScript/4.5/node_modules/@types/is-number/index.d.ts'
[15:03:10.417] Adding entry into typings cache: 'is-regex' => 'C:/Users/andre/AppData/Local/Microsoft/TypeScript/4.5/node_modules/@types/is-regex/index.d.ts'
[15:03:10.419] Adding entry into typings cache: 'is-ssh' => 'C:/Users/andre/AppData/Local/Microsoft/TypeScript/4.5/node_modules/@types/is-ssh/index.d.ts'
[15:03:10.421] Adding entry into typings cache: 'is-string' => 'C:/Users/andre/AppData/Local/Microsoft/TypeScript/4.5/node_modules/@types/is-string/index.d.ts'
[15:03:10.423] Adding entry into typings cache: 'is-typedarray' => 'C:/Users/andre/AppData/Local/Microsoft/TypeScript/4.5/node_modules/@types/is-typedarray/index.d.ts'
[15:03:10.426] Adding entry into typings cache: 'is-windows' => 'C:/Users/andre/AppData/Local/Microsoft/TypeScript/4.5/node_modules/@types/is-windows/index.d.ts'
[15:03:10.430] Adding entry into typings cache: 'isarray' => 'C:/Users/andre/AppData/Local/Microsoft/TypeScript/4.5/node_modules/@types/isarray/index.d.ts'
[15:03:10.433] Adding entry into typings cache: 'isexe' => 'C:/Users/andre/AppData/Local/Microsoft/TypeScript/4.5/node_modules/@types/isexe/index.d.ts'
[15:03:10.436] Adding entry into typings cache: 'isstream' => 'C:/Users/andre/AppData/Local/Microsoft/TypeScript/4.5/node_modules/@types/isstream/index.d.ts'
[15:03:10.438] Adding entry into typings cache: 'istanbul-lib-coverage' => 'C:/Users/andre/AppData/Local/Microsoft/TypeScript/4.5/node_modules/@types/istanbul-lib-coverage/index.d.ts'
[15:03:10.441] Adding entry into typings cache: 'istanbul-lib-instrument' => 'C:/Users/andre/AppData/Local/Microsoft/TypeScript/4.5/node_modules/@types/istanbul-lib-instrument/index.d.ts'
[15:03:10.444] Adding entry into typings cache: 'istanbul-lib-report' => 'C:/Users/andre/AppData/Local/Microsoft/TypeScript/4.5/node_modules/@types/istanbul-lib-report/index.d.ts'
[15:03:10.447] Adding entry into typings cache: 'istanbul-lib-source-maps' => 'C:/Users/andre/AppData/Local/Microsoft/TypeScript/4.5/node_modules/@types/istanbul-lib-source-maps/index.d.ts'
[15:03:10.450] Adding entry into typings cache: 'istanbul-reports' => 'C:/Users/andre/AppData/Local/Microsoft/TypeScript/4.5/node_modules/@types/istanbul-reports/index.d.ts'
[15:03:10.455] Adding entry into typings cache: 'jest' => 'C:/Users/andre/AppData/Local/Microsoft/TypeScript/4.5/node_modules/@types/jest/index.d.ts'
[15:03:10.458] Adding entry into typings cache: 'js-beautify' => 'C:/Users/andre/AppData/Local/Microsoft/TypeScript/4.5/node_modules/@types/js-beautify/index.d.ts'
[15:03:10.461] Adding entry into typings cache: 'js-yaml' => 'C:/Users/andre/AppData/Local/Microsoft/TypeScript/4.5/node_modules/@types/js-yaml/index.d.ts'
[15:03:10.463] Adding entry into typings cache: 'jsbn' => 'C:/Users/andre/AppData/Local/Microsoft/TypeScript/4.5/node_modules/@types/jsbn/index.d.ts'
[15:03:10.466] Adding entry into typings cache: 'jsdom' => 'C:/Users/andre/AppData/Local/Microsoft/TypeScript/4.5/node_modules/@types/jsdom/index.d.ts'
[15:03:10.469] Adding entry into typings cache: 'jsesc' => 'C:/Users/andre/AppData/Local/Microsoft/TypeScript/4.5/node_modules/@types/jsesc/index.d.ts'
[15:03:10.472] Adding entry into typings cache: 'json-parse-better-errors' => 'C:/Users/andre/AppData/Local/Microsoft/TypeScript/4.5/node_modules/@types/json-parse-better-errors/index.d.ts'
[15:03:10.474] Adding entry into typings cache: 'json-schema' => 'C:/Users/andre/AppData/Local/Microsoft/TypeScript/4.5/node_modules/@types/json-schema/index.d.ts'
[15:03:10.477] Adding entry into typings cache: 'json-stringify-safe' => 'C:/Users/andre/AppData/Local/Microsoft/TypeScript/4.5/node_modules/@types/json-stringify-safe/index.d.ts'
[15:03:10.480] Adding entry into typings cache: 'jsonfile' => 'C:/Users/andre/AppData/Local/Microsoft/TypeScript/4.5/node_modules/@types/jsonfile/index.d.ts'
[15:03:10.483] Adding entry into typings cache: 'jsonld' => 'C:/Users/andre/AppData/Local/Microsoft/TypeScript/4.5/node_modules/@types/jsonld/index.d.ts'
[15:03:10.485] Adding entry into typings cache: 'jsonpath-plus' => 'C:/Users/andre/AppData/Local/Microsoft/TypeScript/4.5/node_modules/@types/jsonpath-plus/index.d.ts'
[15:03:10.490] Adding entry into typings cache: 'kind-of' => 'C:/Users/andre/AppData/Local/Microsoft/TypeScript/4.5/node_modules/@types/kind-of/index.d.ts'
[15:03:10.493] Adding entry into typings cache: 'language-tags' => 'C:/Users/andre/AppData/Local/Microsoft/TypeScript/4.5/node_modules/@types/language-tags/index.d.ts'
[15:03:10.496] Adding entry into typings cache: 'libsodium-wrappers' => 'C:/Users/andre/AppData/Local/Microsoft/TypeScript/4.5/node_modules/@types/libsodium-wrappers/index.d.ts'
[15:03:10.501] Adding entry into typings cache: 'loader-runner' => 'C:/Users/andre/AppData/Local/Microsoft/TypeScript/4.5/node_modules/@types/loader-runner/index.d.ts'
[15:03:10.503] Adding entry into typings cache: 'loader-utils' => 'C:/Users/andre/AppData/Local/Microsoft/TypeScript/4.5/node_modules/@types/loader-utils/index.d.ts'
[15:03:10.506] Adding entry into typings cache: 'lodash' => 'C:/Users/andre/AppData/Local/Microsoft/TypeScript/4.5/node_modules/@types/lodash/index.d.ts'
[15:03:10.509] Adding entry into typings cache: 'lodash.debounce' => 'C:/Users/andre/AppData/Local/Microsoft/TypeScript/4.5/node_modules/@types/lodash.debounce/index.d.ts'
[15:03:10.513] Adding entry into typings cache: 'lodash.escaperegexp' => 'C:/Users/andre/AppData/Local/Microsoft/TypeScript/4.5/node_modules/@types/lodash.escaperegexp/index.d.ts'
[15:03:10.515] Adding entry into typings cache: 'lodash.groupby' => 'C:/Users/andre/AppData/Local/Microsoft/TypeScript/4.5/node_modules/@types/lodash.groupby/index.d.ts'
[15:03:10.518] Adding entry into typings cache: 'lodash.isboolean' => 'C:/Users/andre/AppData/Local/Microsoft/TypeScript/4.5/node_modules/@types/lodash.isboolean/index.d.ts'
[15:03:10.521] Adding entry into typings cache: 'lodash.isequal' => 'C:/Users/andre/AppData/Local/Microsoft/TypeScript/4.5/node_modules/@types/lodash.isequal/index.d.ts'
[15:03:10.524] Adding entry into typings cache: 'lodash.isfunction' => 'C:/Users/andre/AppData/Local/Microsoft/TypeScript/4.5/node_modules/@types/lodash.isfunction/index.d.ts'
[15:03:10.527] Adding entry into typings cache: 'lodash.isnil' => 'C:/Users/andre/AppData/Local/Microsoft/TypeScript/4.5/node_modules/@types/lodash.isnil/index.d.ts'
[15:03:10.531] Adding entry into typings cache: 'lodash.isundefined' => 'C:/Users/andre/AppData/Local/Microsoft/TypeScript/4.5/node_modules/@types/lodash.isundefined/index.d.ts'
[15:03:10.533] Adding entry into typings cache: 'lodash.kebabcase' => 'C:/Users/andre/AppData/Local/Microsoft/TypeScript/4.5/node_modules/@types/lodash.kebabcase/index.d.ts'
[15:03:10.537] Adding entry into typings cache: 'lodash.memoize' => 'C:/Users/andre/AppData/Local/Microsoft/TypeScript/4.5/node_modules/@types/lodash.memoize/index.d.ts'
[15:03:10.541] Adding entry into typings cache: 'lodash.merge' => 'C:/Users/andre/AppData/Local/Microsoft/TypeScript/4.5/node_modules/@types/lodash.merge/index.d.ts'
[15:03:10.544] Adding entry into typings cache: 'lodash.template' => 'C:/Users/andre/AppData/Local/Microsoft/TypeScript/4.5/node_modules/@types/lodash.template/index.d.ts'
[15:03:10.546] Adding entry into typings cache: 'lodash.throttle' => 'C:/Users/andre/AppData/Local/Microsoft/TypeScript/4.5/node_modules/@types/lodash.throttle/index.d.ts'
[15:03:10.548] Adding entry into typings cache: 'lodash.uniq' => 'C:/Users/andre/AppData/Local/Microsoft/TypeScript/4.5/node_modules/@types/lodash.uniq/index.d.ts'
[15:03:10.552] Adding entry into typings cache: 'lodash.uniqwith' => 'C:/Users/andre/AppData/Local/Microsoft/TypeScript/4.5/node_modules/@types/lodash.uniqwith/index.d.ts'
[15:03:10.555] Adding entry into typings cache: 'lru-cache' => 'C:/Users/andre/AppData/Local/Microsoft/TypeScript/4.5/node_modules/@types/lru-cache/index.d.ts'
[15:03:10.558] Adding entry into typings cache: 'memory-fs' => 'C:/Users/andre/AppData/Local/Microsoft/TypeScript/4.5/node_modules/@types/memory-fs/index.d.ts'
[15:03:10.561] Adding entry into typings cache: 'merge-stream' => 'C:/Users/andre/AppData/Local/Microsoft/TypeScript/4.5/node_modules/@types/merge-stream/index.d.ts'
[15:03:10.563] Adding entry into typings cache: 'merge2' => 'C:/Users/andre/AppData/Local/Microsoft/TypeScript/4.5/node_modules/@types/merge2/index.d.ts'
[15:03:10.569] Adding entry into typings cache: 'micromatch' => 'C:/Users/andre/AppData/Local/Microsoft/TypeScript/4.5/node_modules/@types/micromatch/index.d.ts'
[15:03:10.572] Adding entry into typings cache: 'mime' => 'C:/Users/andre/AppData/Local/Microsoft/TypeScript/4.5/node_modules/@types/mime/index.d.ts'
[15:03:10.576] Adding entry into typings cache: 'mime-db' => 'C:/Users/andre/AppData/Local/Microsoft/TypeScript/4.5/node_modules/@types/mime-db/index.d.ts'
[15:03:10.579] Adding entry into typings cache: 'mime-types' => 'C:/Users/andre/AppData/Local/Microsoft/TypeScript/4.5/node_modules/@types/mime-types/index.d.ts'
[15:03:10.583] Adding entry into typings cache: 'min-indent' => 'C:/Users/andre/AppData/Local/Microsoft/TypeScript/4.5/node_modules/@types/min-indent/index.d.ts'
[15:03:10.586] Adding entry into typings cache: 'minimalistic-assert' => 'C:/Users/andre/AppData/Local/Microsoft/TypeScript/4.5/node_modules/@types/minimalistic-assert/index.d.ts'
[15:03:10.588] Adding entry into typings cache: 'minimatch' => 'C:/Users/andre/AppData/Local/Microsoft/TypeScript/4.5/node_modules/@types/minimatch/index.d.ts'
[15:03:10.591] Adding entry into typings cache: 'minimist' => 'C:/Users/andre/AppData/Local/Microsoft/TypeScript/4.5/node_modules/@types/minimist/index.d.ts'
[15:03:10.594] Adding entry into typings cache: 'minipass' => 'C:/Users/andre/AppData/Local/Microsoft/TypeScript/4.5/node_modules/@types/minipass/index.d.ts'
[15:03:10.598] Adding entry into typings cache: 'minizlib' => 'C:/Users/andre/AppData/Local/Microsoft/TypeScript/4.5/node_modules/@types/minizlib/index.d.ts'
[15:03:10.601] Adding entry into typings cache: 'mkdirp' => 'C:/Users/andre/AppData/Local/Microsoft/TypeScript/4.5/node_modules/@types/mkdirp/index.d.ts'
[15:03:10.603] Adding entry into typings cache: 'move-concurrently' => 'C:/Users/andre/AppData/Local/Microsoft/TypeScript/4.5/node_modules/@types/move-concurrently/index.d.ts'
[15:03:10.608] Adding entry into typings cache: 'ms' => 'C:/Users/andre/AppData/Local/Microsoft/TypeScript/4.5/node_modules/@types/ms/index.d.ts'
[15:03:10.610] Adding entry into typings cache: 'multimap' => 'C:/Users/andre/AppData/Local/Microsoft/TypeScript/4.5/node_modules/@types/multimap/index.d.ts'
[15:03:10.613] Adding entry into typings cache: 'mustache' => 'C:/Users/andre/AppData/Local/Microsoft/TypeScript/4.5/node_modules/@types/mustache/index.d.ts'
[15:03:10.615] Adding entry into typings cache: 'mute-stream' => 'C:/Users/andre/AppData/Local/Microsoft/TypeScript/4.5/node_modules/@types/mute-stream/index.d.ts'
[15:03:10.617] Adding entry into typings cache: 'n3' => 'C:/Users/andre/AppData/Local/Microsoft/TypeScript/4.5/node_modules/@types/n3/index.d.ts'
[15:03:10.620] Adding entry into typings cache: 'natural-compare' => 'C:/Users/andre/AppData/Local/Microsoft/TypeScript/4.5/node_modules/@types/natural-compare/index.d.ts'
[15:03:10.623] Adding entry into typings cache: 'negotiator' => 'C:/Users/andre/AppData/Local/Microsoft/TypeScript/4.5/node_modules/@types/negotiator/index.d.ts'
[15:03:10.627] Adding entry into typings cache: 'node' => 'C:/Users/andre/AppData/Local/Microsoft/TypeScript/4.5/node_modules/@types/node/index.d.ts'
[15:03:10.630] Adding entry into typings cache: 'node-forge' => 'C:/Users/andre/AppData/Local/Microsoft/TypeScript/4.5/node_modules/@types/node-forge/index.d.ts'
[15:03:10.632] Adding entry into typings cache: 'node-int64' => 'C:/Users/andre/AppData/Local/Microsoft/TypeScript/4.5/node_modules/@types/node-int64/index.d.ts'
[15:03:10.635] Adding entry into typings cache: 'nopt' => 'C:/Users/andre/AppData/Local/Microsoft/TypeScript/4.5/node_modules/@types/nopt/index.d.ts'
[15:03:10.637] Adding entry into typings cache: 'normalize-package-data' => 'C:/Users/andre/AppData/Local/Microsoft/TypeScript/4.5/node_modules/@types/normalize-package-data/index.d.ts'
[15:03:10.640] Adding entry into typings cache: 'normalize-path' => 'C:/Users/andre/AppData/Local/Microsoft/TypeScript/4.5/node_modules/@types/normalize-path/index.d.ts'
[15:03:10.642] Adding entry into typings cache: 'num2fraction' => 'C:/Users/andre/AppData/Local/Microsoft/TypeScript/4.5/node_modules/@types/num2fraction/index.d.ts'
[15:03:10.644] Adding entry into typings cache: 'nwsapi' => 'C:/Users/andre/AppData/Local/Microsoft/TypeScript/4.5/node_modules/@types/nwsapi/index.d.ts'
[15:03:10.646] Adding entry into typings cache: 'object-assign' => 'C:/Users/andre/AppData/Local/Microsoft/TypeScript/4.5/node_modules/@types/object-assign/index.d.ts'
[15:03:10.648] Adding entry into typings cache: 'object-inspect' => 'C:/Users/andre/AppData/Local/Microsoft/TypeScript/4.5/node_modules/@types/object-inspect/index.d.ts'
[15:03:10.650] Adding entry into typings cache: 'object-keys' => 'C:/Users/andre/AppData/Local/Microsoft/TypeScript/4.5/node_modules/@types/object-keys/index.d.ts'
[15:03:10.652] Adding entry into typings cache: 'object.getownpropertydescriptors' => 'C:/Users/andre/AppData/Local/Microsoft/TypeScript/4.5/node_modules/@types/object.getownpropertydescriptors/index.d.ts'
[15:03:10.655] Adding entry into typings cache: 'object.pick' => 'C:/Users/andre/AppData/Local/Microsoft/TypeScript/4.5/node_modules/@types/object.pick/index.d.ts'
[15:03:10.657] Adding entry into typings cache: 'on-finished' => 'C:/Users/andre/AppData/Local/Microsoft/TypeScript/4.5/node_modules/@types/on-finished/index.d.ts'
[15:03:10.659] Adding entry into typings cache: 'on-headers' => 'C:/Users/andre/AppData/Local/Microsoft/TypeScript/4.5/node_modules/@types/on-headers/index.d.ts'
[15:03:10.661] Adding entry into typings cache: 'once' => 'C:/Users/andre/AppData/Local/Microsoft/TypeScript/4.5/node_modules/@types/once/index.d.ts'
[15:03:10.663] Adding entry into typings cache: 'one-time' => 'C:/Users/andre/AppData/Local/Microsoft/TypeScript/4.5/node_modules/@types/one-time/index.d.ts'
[15:03:10.665] Adding entry into typings cache: 'opener' => 'C:/Users/andre/AppData/Local/Microsoft/TypeScript/4.5/node_modules/@types/opener/index.d.ts'
[15:03:10.668] Adding entry into typings cache: 'optimize-css-assets-webpack-plugin' => 'C:/Users/andre/AppData/Local/Microsoft/TypeScript/4.5/node_modules/@types/optimize-css-assets-webpack-plugin/index.d.ts'
[15:03:10.671] Adding entry into typings cache: 'os-tmpdir' => 'C:/Users/andre/AppData/Local/Microsoft/TypeScript/4.5/node_modules/@types/os-tmpdir/index.d.ts'
[15:03:10.674] Adding entry into typings cache: 'pako' => 'C:/Users/andre/AppData/Local/Microsoft/TypeScript/4.5/node_modules/@types/pako/index.d.ts'
[15:03:10.677] Adding entry into typings cache: 'parallel-transform' => 'C:/Users/andre/AppData/Local/Microsoft/TypeScript/4.5/node_modules/@types/parallel-transform/index.d.ts'
[15:03:10.679] Adding entry into typings cache: 'parse-author' => 'C:/Users/andre/AppData/Local/Microsoft/TypeScript/4.5/node_modules/@types/parse-author/index.d.ts'
[15:03:10.681] Adding entry into typings cache: 'parse-git-config' => 'C:/Users/andre/AppData/Local/Microsoft/TypeScript/4.5/node_modules/@types/parse-git-config/index.d.ts'
[15:03:10.683] Adding entry into typings cache: 'parse-json' => 'C:/Users/andre/AppData/Local/Microsoft/TypeScript/4.5/node_modules/@types/parse-json/index.d.ts'
[15:03:10.686] Adding entry into typings cache: 'parse-link-header' => 'C:/Users/andre/AppData/Local/Microsoft/TypeScript/4.5/node_modules/@types/parse-link-header/index.d.ts'
[15:03:10.688] Adding entry into typings cache: 'parse-path' => 'C:/Users/andre/AppData/Local/Microsoft/TypeScript/4.5/node_modules/@types/parse-path/index.d.ts'
[15:03:10.692] Adding entry into typings cache: 'parse5' => 'C:/Users/andre/AppData/Local/Microsoft/TypeScript/4.5/node_modules/@types/parse5/index.d.ts'
[15:03:10.695] Adding entry into typings cache: 'parse5-htmlparser2-tree-adapter' => 'C:/Users/andre/AppData/Local/Microsoft/TypeScript/4.5/node_modules/@types/parse5-htmlparser2-tree-adapter/index.d.ts'
[15:03:10.696] Adding entry into typings cache: 'parseurl' => 'C:/Users/andre/AppData/Local/Microsoft/TypeScript/4.5/node_modules/@types/parseurl/index.d.ts'
[15:03:10.701] Adding entry into typings cache: 'pascalcase' => 'C:/Users/andre/AppData/Local/Microsoft/TypeScript/4.5/node_modules/@types/pascalcase/index.d.ts'
[15:03:10.704] Adding entry into typings cache: 'path-browserify' => 'C:/Users/andre/AppData/Local/Microsoft/TypeScript/4.5/node_modules/@types/path-browserify/index.d.ts'
[15:03:10.708] Adding entry into typings cache: 'path-is-absolute' => 'C:/Users/andre/AppData/Local/Microsoft/TypeScript/4.5/node_modules/@types/path-is-absolute/index.d.ts'
[15:03:10.711] Adding entry into typings cache: 'path-parse' => 'C:/Users/andre/AppData/Local/Microsoft/TypeScript/4.5/node_modules/@types/path-parse/index.d.ts'
[15:03:10.716] Adding entry into typings cache: 'pbkdf2' => 'C:/Users/andre/AppData/Local/Microsoft/TypeScript/4.5/node_modules/@types/pbkdf2/index.d.ts'
[15:03:10.719] Adding entry into typings cache: 'pegjs' => 'C:/Users/andre/AppData/Local/Microsoft/TypeScript/4.5/node_modules/@types/pegjs/index.d.ts'
[15:03:10.723] Adding entry into typings cache: 'picomatch' => 'C:/Users/andre/AppData/Local/Microsoft/TypeScript/4.5/node_modules/@types/picomatch/index.d.ts'
[15:03:10.725] Adding entry into typings cache: 'pify' => 'C:/Users/andre/AppData/Local/Microsoft/TypeScript/4.5/node_modules/@types/pify/index.d.ts'
[15:03:10.727] Adding entry into typings cache: 'pkginfo' => 'C:/Users/andre/AppData/Local/Microsoft/TypeScript/4.5/node_modules/@types/pkginfo/index.d.ts'
[15:03:10.729] Adding entry into typings cache: 'pluralize' => 'C:/Users/andre/AppData/Local/Microsoft/TypeScript/4.5/node_modules/@types/pluralize/index.d.ts'
[15:03:10.731] Adding entry into typings cache: 'postcss-calc' => 'C:/Users/andre/AppData/Local/Microsoft/TypeScript/4.5/node_modules/@types/postcss-calc/index.d.ts'
[15:03:10.733] Adding entry into typings cache: 'postcss-gap-properties' => 'C:/Users/andre/AppData/Local/Microsoft/TypeScript/4.5/node_modules/@types/postcss-gap-properties/index.d.ts'
[15:03:10.735] Adding entry into typings cache: 'postcss-import' => 'C:/Users/andre/AppData/Local/Microsoft/TypeScript/4.5/node_modules/@types/postcss-import/index.d.ts'
[15:03:10.737] Adding entry into typings cache: 'postcss-modules-extract-imports' => 'C:/Users/andre/AppData/Local/Microsoft/TypeScript/4.5/node_modules/@types/postcss-modules-extract-imports/index.d.ts'
[15:03:10.739] Adding entry into typings cache: 'postcss-modules-local-by-default' => 'C:/Users/andre/AppData/Local/Microsoft/TypeScript/4.5/node_modules/@types/postcss-modules-local-by-default/index.d.ts'
[15:03:10.741] Adding entry into typings cache: 'postcss-modules-scope' => 'C:/Users/andre/AppData/Local/Microsoft/TypeScript/4.5/node_modules/@types/postcss-modules-scope/index.d.ts'
[15:03:10.743] Adding entry into typings cache: 'postcss-modules-values' => 'C:/Users/andre/AppData/Local/Microsoft/TypeScript/4.5/node_modules/@types/postcss-modules-values/index.d.ts'
[15:03:10.745] Adding entry into typings cache: 'postcss-preset-env' => 'C:/Users/andre/AppData/Local/Microsoft/TypeScript/4.5/node_modules/@types/postcss-preset-env/index.d.ts'
[15:03:10.747] Adding entry into typings cache: 'postcss-url' => 'C:/Users/andre/AppData/Local/Microsoft/TypeScript/4.5/node_modules/@types/postcss-url/index.d.ts'
[15:03:10.749] Adding entry into typings cache: 'prelude-ls' => 'C:/Users/andre/AppData/Local/Microsoft/TypeScript/4.5/node_modules/@types/prelude-ls/index.d.ts'
[15:03:10.751] Adding entry into typings cache: 'prettier' => 'C:/Users/andre/AppData/Local/Microsoft/TypeScript/4.5/node_modules/@types/prettier/index.d.ts'
[15:03:10.753] Adding entry into typings cache: 'prettier-linter-helpers' => 'C:/Users/andre/AppData/Local/Microsoft/TypeScript/4.5/node_modules/@types/prettier-linter-helpers/index.d.ts'
[15:03:10.755] Adding entry into typings cache: 'pretty' => 'C:/Users/andre/AppData/Local/Microsoft/TypeScript/4.5/node_modules/@types/pretty/index.d.ts'
[15:03:10.757] Adding entry into typings cache: 'pretty-time' => 'C:/Users/andre/AppData/Local/Microsoft/TypeScript/4.5/node_modules/@types/pretty-time/index.d.ts'
[15:03:10.759] Adding entry into typings cache: 'prismjs' => 'C:/Users/andre/AppData/Local/Microsoft/TypeScript/4.5/node_modules/@types/prismjs/index.d.ts'
[15:03:10.761] Adding entry into typings cache: 'progress' => 'C:/Users/andre/AppData/Local/Microsoft/TypeScript/4.5/node_modules/@types/progress/index.d.ts'
[15:03:10.763] Adding entry into typings cache: 'promise-inflight' => 'C:/Users/andre/AppData/Local/Microsoft/TypeScript/4.5/node_modules/@types/promise-inflight/index.d.ts'
[15:03:10.765] Adding entry into typings cache: 'promise-polyfill' => 'C:/Users/andre/AppData/Local/Microsoft/TypeScript/4.5/node_modules/@types/promise-polyfill/index.d.ts'
[15:03:10.767] Adding entry into typings cache: 'prompts' => 'C:/Users/andre/AppData/Local/Microsoft/TypeScript/4.5/node_modules/@types/prompts/index.d.ts'
[15:03:10.769] Adding entry into typings cache: 'proper-lockfile' => 'C:/Users/andre/AppData/Local/Microsoft/TypeScript/4.5/node_modules/@types/proper-lockfile/index.d.ts'
[15:03:10.771] Adding entry into typings cache: 'protocols' => 'C:/Users/andre/AppData/Local/Microsoft/TypeScript/4.5/node_modules/@types/protocols/index.d.ts'
[15:03:10.773] Adding entry into typings cache: 'psl' => 'C:/Users/andre/AppData/Local/Microsoft/TypeScript/4.5/node_modules/@types/psl/index.d.ts'
[15:03:10.774] Adding entry into typings cache: 'pump' => 'C:/Users/andre/AppData/Local/Microsoft/TypeScript/4.5/node_modules/@types/pump/index.d.ts'
[15:03:10.776] Adding entry into typings cache: 'pumpify' => 'C:/Users/andre/AppData/Local/Microsoft/TypeScript/4.5/node_modules/@types/pumpify/index.d.ts'
[15:03:10.780] Adding entry into typings cache: 'punycode' => 'C:/Users/andre/AppData/Local/Microsoft/TypeScript/4.5/node_modules/@types/punycode/index.d.ts'
[15:03:10.782] Adding entry into typings cache: 'q' => 'C:/Users/andre/AppData/Local/Microsoft/TypeScript/4.5/node_modules/@types/q/index.d.ts'
[15:03:10.784] Adding entry into typings cache: 'qs' => 'C:/Users/andre/AppData/Local/Microsoft/TypeScript/4.5/node_modules/@types/qs/index.d.ts'
[15:03:10.787] Adding entry into typings cache: 'randombytes' => 'C:/Users/andre/AppData/Local/Microsoft/TypeScript/4.5/node_modules/@types/randombytes/index.d.ts'
[15:03:10.789] Adding entry into typings cache: 'range-parser' => 'C:/Users/andre/AppData/Local/Microsoft/TypeScript/4.5/node_modules/@types/range-parser/index.d.ts'
[15:03:10.791] Adding entry into typings cache: 'rdf-data-model' => 'C:/Users/andre/AppData/Local/Microsoft/TypeScript/4.5/node_modules/@types/rdf-data-model/index.d.ts'
[15:03:10.794] Adding entry into typings cache: 'rdf-ext' => 'C:/Users/andre/AppData/Local/Microsoft/TypeScript/4.5/node_modules/@types/rdf-ext/index.d.ts'
[15:03:10.797] Adding entry into typings cache: 'react-is' => 'C:/Users/andre/AppData/Local/Microsoft/TypeScript/4.5/node_modules/@types/react-is/index.d.ts'
[15:03:10.801] Adding entry into typings cache: 'readable-stream' => 'C:/Users/andre/AppData/Local/Microsoft/TypeScript/4.5/node_modules/@types/readable-stream/index.d.ts'
[15:03:10.804] Adding entry into typings cache: 'regenerate' => 'C:/Users/andre/AppData/Local/Microsoft/TypeScript/4.5/node_modules/@types/regenerate/index.d.ts'
[15:03:10.806] Adding entry into typings cache: 'regenerator-runtime' => 'C:/Users/andre/AppData/Local/Microsoft/TypeScript/4.5/node_modules/@types/regenerator-runtime/index.d.ts'
[15:03:10.809] Adding entry into typings cache: 'regex-not' => 'C:/Users/andre/AppData/Local/Microsoft/TypeScript/4.5/node_modules/@types/regex-not/index.d.ts'
[15:03:10.811] Adding entry into typings cache: 'regression' => 'C:/Users/andre/AppData/Local/Microsoft/TypeScript/4.5/node_modules/@types/regression/index.d.ts'
[15:03:10.814] Adding entry into typings cache: 'relateurl' => 'C:/Users/andre/AppData/Local/Microsoft/TypeScript/4.5/node_modules/@types/relateurl/index.d.ts'
[15:03:10.819] Adding entry into typings cache: 'repeat-element' => 'C:/Users/andre/AppData/Local/Microsoft/TypeScript/4.5/node_modules/@types/repeat-element/index.d.ts'
[15:03:10.824] Adding entry into typings cache: 'repeat-string' => 'C:/Users/andre/AppData/Local/Microsoft/TypeScript/4.5/node_modules/@types/repeat-string/index.d.ts'
[15:03:10.827] Adding entry into typings cache: 'request' => 'C:/Users/andre/AppData/Local/Microsoft/TypeScript/4.5/node_modules/@types/request/index.d.ts'
[15:03:10.830] Adding entry into typings cache: 'require-directory' => 'C:/Users/andre/AppData/Local/Microsoft/TypeScript/4.5/node_modules/@types/require-directory/index.d.ts'
[15:03:10.833] Adding entry into typings cache: 'requires-port' => 'C:/Users/andre/AppData/Local/Microsoft/TypeScript/4.5/node_modules/@types/requires-port/index.d.ts'
[15:03:10.835] Adding entry into typings cache: 'resolve' => 'C:/Users/andre/AppData/Local/Microsoft/TypeScript/4.5/node_modules/@types/resolve/index.d.ts'
[15:03:10.837] Adding entry into typings cache: 'retry' => 'C:/Users/andre/AppData/Local/Microsoft/TypeScript/4.5/node_modules/@types/retry/index.d.ts'
[15:03:10.839] Adding entry into typings cache: 'rimraf' => 'C:/Users/andre/AppData/Local/Microsoft/TypeScript/4.5/node_modules/@types/rimraf/index.d.ts'
[15:03:10.843] Adding entry into typings cache: 'ripemd160' => 'C:/Users/andre/AppData/Local/Microsoft/TypeScript/4.5/node_modules/@types/ripemd160/index.d.ts'
[15:03:10.845] Adding entry into typings cache: 'run-parallel' => 'C:/Users/andre/AppData/Local/Microsoft/TypeScript/4.5/node_modules/@types/run-parallel/index.d.ts'
[15:03:10.850] Adding entry into typings cache: 'safe-regex' => 'C:/Users/andre/AppData/Local/Microsoft/TypeScript/4.5/node_modules/@types/safe-regex/index.d.ts'
[15:03:10.853] Adding entry into typings cache: 'safer-buffer' => 'C:/Users/andre/AppData/Local/Microsoft/TypeScript/4.5/node_modules/@types/safer-buffer/index.d.ts'
[15:03:10.856] Adding entry into typings cache: 'sass' => 'C:/Users/andre/AppData/Local/Microsoft/TypeScript/4.5/node_modules/@types/sass/index.d.ts'
[15:03:10.858] Adding entry into typings cache: 'sass-loader' => 'C:/Users/andre/AppData/Local/Microsoft/TypeScript/4.5/node_modules/@types/sass-loader/index.d.ts'
[15:03:10.860] Adding entry into typings cache: 'sax' => 'C:/Users/andre/AppData/Local/Microsoft/TypeScript/4.5/node_modules/@types/sax/index.d.ts'
[15:03:10.862] Adding entry into typings cache: 'sax-stream' => 'C:/Users/andre/AppData/Local/Microsoft/TypeScript/4.5/node_modules/@types/sax-stream/index.d.ts'
[15:03:10.865] Adding entry into typings cache: 'semver' => 'C:/Users/andre/AppData/Local/Microsoft/TypeScript/4.5/node_modules/@types/semver/index.d.ts'
[15:03:10.868] Adding entry into typings cache: 'send' => 'C:/Users/andre/AppData/Local/Microsoft/TypeScript/4.5/node_modules/@types/send/index.d.ts'
[15:03:10.873] Adding entry into typings cache: 'serialize-javascript' => 'C:/Users/andre/AppData/Local/Microsoft/TypeScript/4.5/node_modules/@types/serialize-javascript/index.d.ts'
[15:03:10.876] Adding entry into typings cache: 'serve-static' => 'C:/Users/andre/AppData/Local/Microsoft/TypeScript/4.5/node_modules/@types/serve-static/index.d.ts'
[15:03:10.878] Adding entry into typings cache: 'server-destroy' => 'C:/Users/andre/AppData/Local/Microsoft/TypeScript/4.5/node_modules/@types/server-destroy/index.d.ts'
[15:03:10.882] Adding entry into typings cache: 'set-value' => 'C:/Users/andre/AppData/Local/Microsoft/TypeScript/4.5/node_modules/@types/set-value/index.d.ts'
[15:03:10.884] Adding entry into typings cache: 'setimmediate' => 'C:/Users/andre/AppData/Local/Microsoft/TypeScript/4.5/node_modules/@types/setimmediate/index.d.ts'
[15:03:10.888] Adding entry into typings cache: 'sha.js' => 'C:/Users/andre/AppData/Local/Microsoft/TypeScript/4.5/node_modules/@types/sha.js/index.d.ts'
[15:03:10.891] Adding entry into typings cache: 'sha1' => 'C:/Users/andre/AppData/Local/Microsoft/TypeScript/4.5/node_modules/@types/sha1/index.d.ts'
[15:03:10.894] Adding entry into typings cache: 'share-api-polyfill' => 'C:/Users/andre/AppData/Local/Microsoft/TypeScript/4.5/node_modules/@types/share-api-polyfill/index.d.ts'
[15:03:10.897] Adding entry into typings cache: 'shebang-command' => 'C:/Users/andre/AppData/Local/Microsoft/TypeScript/4.5/node_modules/@types/shebang-command/index.d.ts'
[15:03:10.900] Adding entry into typings cache: 'shell-quote' => 'C:/Users/andre/AppData/Local/Microsoft/TypeScript/4.5/node_modules/@types/shell-quote/index.d.ts'
[15:03:10.903] Adding entry into typings cache: 'sigmund' => 'C:/Users/andre/AppData/Local/Microsoft/TypeScript/4.5/node_modules/@types/sigmund/index.d.ts'
[15:03:10.906] Adding entry into typings cache: 'signal-exit' => 'C:/Users/andre/AppData/Local/Microsoft/TypeScript/4.5/node_modules/@types/signal-exit/index.d.ts'
[15:03:10.910] Adding entry into typings cache: 'simple-swizzle' => 'C:/Users/andre/AppData/Local/Microsoft/TypeScript/4.5/node_modules/@types/simple-swizzle/index.d.ts'
[15:03:10.913] Adding entry into typings cache: 'slice-ansi' => 'C:/Users/andre/AppData/Local/Microsoft/TypeScript/4.5/node_modules/@types/slice-ansi/index.d.ts'
[15:03:10.915] Adding entry into typings cache: 'source-list-map' => 'C:/Users/andre/AppData/Local/Microsoft/TypeScript/4.5/node_modules/@types/source-list-map/index.d.ts'
[15:03:10.920] Adding entry into typings cache: 'source-map-support' => 'C:/Users/andre/AppData/Local/Microsoft/TypeScript/4.5/node_modules/@types/source-map-support/index.d.ts'
[15:03:10.923] Adding entry into typings cache: 'spark-md5' => 'C:/Users/andre/AppData/Local/Microsoft/TypeScript/4.5/node_modules/@types/spark-md5/index.d.ts'
[15:03:10.925] Adding entry into typings cache: 'sparqljs' => 'C:/Users/andre/AppData/Local/Microsoft/TypeScript/4.5/node_modules/@types/sparqljs/index.d.ts'
[15:03:10.928] Adding entry into typings cache: 'spdx-correct' => 'C:/Users/andre/AppData/Local/Microsoft/TypeScript/4.5/node_modules/@types/spdx-correct/index.d.ts'
[15:03:10.930] Adding entry into typings cache: 'spdx-expression-parse' => 'C:/Users/andre/AppData/Local/Microsoft/TypeScript/4.5/node_modules/@types/spdx-expression-parse/index.d.ts'
[15:03:10.933] Adding entry into typings cache: 'sprintf' => 'C:/Users/andre/AppData/Local/Microsoft/TypeScript/4.5/node_modules/@types/sprintf/index.d.ts'
[15:03:10.936] Adding entry into typings cache: 'sprintf-js' => 'C:/Users/andre/AppData/Local/Microsoft/TypeScript/4.5/node_modules/@types/sprintf-js/index.d.ts'
[15:03:10.939] Adding entry into typings cache: 'sql.js' => 'C:/Users/andre/AppData/Local/Microsoft/TypeScript/4.5/node_modules/@types/sql.js/index.d.ts'
[15:03:10.941] Adding entry into typings cache: 'sshpk' => 'C:/Users/andre/AppData/Local/Microsoft/TypeScript/4.5/node_modules/@types/sshpk/index.d.ts'
[15:03:10.943] Adding entry into typings cache: 'ssri' => 'C:/Users/andre/AppData/Local/Microsoft/TypeScript/4.5/node_modules/@types/ssri/index.d.ts'
[15:03:10.946] Adding entry into typings cache: 'stack-trace' => 'C:/Users/andre/AppData/Local/Microsoft/TypeScript/4.5/node_modules/@types/stack-trace/index.d.ts'
[15:03:10.948] Adding entry into typings cache: 'stack-utils' => 'C:/Users/andre/AppData/Local/Microsoft/TypeScript/4.5/node_modules/@types/stack-utils/index.d.ts'
[15:03:10.950] Adding entry into typings cache: 'statuses' => 'C:/Users/andre/AppData/Local/Microsoft/TypeScript/4.5/node_modules/@types/statuses/index.d.ts'
[15:03:10.953] Adding entry into typings cache: 'stream-each' => 'C:/Users/andre/AppData/Local/Microsoft/TypeScript/4.5/node_modules/@types/stream-each/index.d.ts'
[15:03:10.956] Adding entry into typings cache: 'stream-shift' => 'C:/Users/andre/AppData/Local/Microsoft/TypeScript/4.5/node_modules/@types/stream-shift/index.d.ts'
[15:03:10.958] Adding entry into typings cache: 'streamify-array' => 'C:/Users/andre/AppData/Local/Microsoft/TypeScript/4.5/node_modules/@types/streamify-array/index.d.ts'
[15:03:10.961] Adding entry into typings cache: 'streamify-string' => 'C:/Users/andre/AppData/Local/Microsoft/TypeScript/4.5/node_modules/@types/streamify-string/index.d.ts'
[15:03:10.964] Adding entry into typings cache: 'strict-uri-encode' => 'C:/Users/andre/AppData/Local/Microsoft/TypeScript/4.5/node_modules/@types/strict-uri-encode/index.d.ts'
[15:03:10.966] Adding entry into typings cache: 'strip-final-newline' => 'C:/Users/andre/AppData/Local/Microsoft/TypeScript/4.5/node_modules/@types/strip-final-newline/index.d.ts'
[15:03:10.971] Adding entry into typings cache: 'supports-color' => 'C:/Users/andre/AppData/Local/Microsoft/TypeScript/4.5/node_modules/@types/supports-color/index.d.ts'
[15:03:10.974] Adding entry into typings cache: 'svg-tags' => 'C:/Users/andre/AppData/Local/Microsoft/TypeScript/4.5/node_modules/@types/svg-tags/index.d.ts'
[15:03:10.977] Adding entry into typings cache: 'svgo' => 'C:/Users/andre/AppData/Local/Microsoft/TypeScript/4.5/node_modules/@types/svgo/index.d.ts'
[15:03:10.980] Adding entry into typings cache: 'symbol-tree' => 'C:/Users/andre/AppData/Local/Microsoft/TypeScript/4.5/node_modules/@types/symbol-tree/index.d.ts'
[15:03:10.982] Adding entry into typings cache: 'tapable' => 'C:/Users/andre/AppData/Local/Microsoft/TypeScript/4.5/node_modules/tapable/tapable.d.ts'
[15:03:10.985] Adding entry into typings cache: 'tape' => 'C:/Users/andre/AppData/Local/Microsoft/TypeScript/4.5/node_modules/@types/tape/index.d.ts'
[15:03:10.988] Adding entry into typings cache: 'tar' => 'C:/Users/andre/AppData/Local/Microsoft/TypeScript/4.5/node_modules/@types/tar/index.d.ts'
[15:03:10.991] Adding entry into typings cache: 'text-table' => 'C:/Users/andre/AppData/Local/Microsoft/TypeScript/4.5/node_modules/@types/text-table/index.d.ts'
[15:03:10.994] Adding entry into typings cache: 'through' => 'C:/Users/andre/AppData/Local/Microsoft/TypeScript/4.5/node_modules/@types/through/index.d.ts'
[15:03:10.997] Adding entry into typings cache: 'through2' => 'C:/Users/andre/AppData/Local/Microsoft/TypeScript/4.5/node_modules/@types/through2/index.d.ts'
[15:03:11.000] Adding entry into typings cache: 'timsort' => 'C:/Users/andre/AppData/Local/Microsoft/TypeScript/4.5/node_modules/@types/timsort/index.d.ts'
[15:03:11.003] Adding entry into typings cache: 'tmp' => 'C:/Users/andre/AppData/Local/Microsoft/TypeScript/4.5/node_modules/@types/tmp/index.d.ts'
[15:03:11.006] Adding entry into typings cache: 'tmpl' => 'C:/Users/andre/AppData/Local/Microsoft/TypeScript/4.5/node_modules/@types/tmpl/index.d.ts'
[15:03:11.011] Adding entry into typings cache: 'to-regex' => 'C:/Users/andre/AppData/Local/Microsoft/TypeScript/4.5/node_modules/@types/to-regex/index.d.ts'
[15:03:11.016] Adding entry into typings cache: 'to-regex-range' => 'C:/Users/andre/AppData/Local/Microsoft/TypeScript/4.5/node_modules/@types/to-regex-range/index.d.ts'
[15:03:11.019] Adding entry into typings cache: 'topojson-client' => 'C:/Users/andre/AppData/Local/Microsoft/TypeScript/4.5/node_modules/@types/topojson-client/index.d.ts'
[15:03:11.022] Adding entry into typings cache: 'tough-cookie' => 'C:/Users/andre/AppData/Local/Microsoft/TypeScript/4.5/node_modules/@types/tough-cookie/index.d.ts'
[15:03:11.030] Adding entry into typings cache: 'traverse' => 'C:/Users/andre/AppData/Local/Microsoft/TypeScript/4.5/node_modules/@types/traverse/index.d.ts'
[15:03:11.033] Adding entry into typings cache: 'triple-beam' => 'C:/Users/andre/AppData/Local/Microsoft/TypeScript/4.5/node_modules/@types/triple-beam/index.d.ts'
[15:03:11.036] Adding entry into typings cache: 'type-check' => 'C:/Users/andre/AppData/Local/Microsoft/TypeScript/4.5/node_modules/@types/type-check/index.d.ts'
[15:03:11.040] Adding entry into typings cache: 'type-detect' => 'C:/Users/andre/AppData/Local/Microsoft/TypeScript/4.5/node_modules/@types/type-detect/index.d.ts'
[15:03:11.043] Adding entry into typings cache: 'ua-parser-js' => 'C:/Users/andre/AppData/Local/Microsoft/TypeScript/4.5/node_modules/@types/ua-parser-js/index.d.ts'
[15:03:11.046] Adding entry into typings cache: 'uglify-js' => 'C:/Users/andre/AppData/Local/Microsoft/TypeScript/4.5/node_modules/@types/uglify-js/index.d.ts'
[15:03:11.049] Adding entry into typings cache: 'uniq' => 'C:/Users/andre/AppData/Local/Microsoft/TypeScript/4.5/node_modules/@types/uniq/index.d.ts'
[15:03:11.053] Adding entry into typings cache: 'universalify' => 'C:/Users/andre/AppData/Local/Microsoft/TypeScript/4.5/node_modules/@types/universalify/index.d.ts'
[15:03:11.056] Adding entry into typings cache: 'unzipper' => 'C:/Users/andre/AppData/Local/Microsoft/TypeScript/4.5/node_modules/@types/unzipper/index.d.ts'
[15:03:11.060] Adding entry into typings cache: 'uritemplate' => 'C:/Users/andre/AppData/Local/Microsoft/TypeScript/4.5/node_modules/@types/uritemplate/index.d.ts'
[15:03:11.065] Adding entry into typings cache: 'urix' => 'C:/Users/andre/AppData/Local/Microsoft/TypeScript/4.5/node_modules/@types/urix/index.d.ts'
[15:03:11.072] Adding entry into typings cache: 'util-deprecate' => 'C:/Users/andre/AppData/Local/Microsoft/TypeScript/4.5/node_modules/@types/util-deprecate/index.d.ts'
[15:03:11.076] Adding entry into typings cache: 'util.promisify' => 'C:/Users/andre/AppData/Local/Microsoft/TypeScript/4.5/node_modules/@types/util.promisify/index.d.ts'
[15:03:11.078] Adding entry into typings cache: 'utils-merge' => 'C:/Users/andre/AppData/Local/Microsoft/TypeScript/4.5/node_modules/@types/utils-merge/index.d.ts'
[15:03:11.081] Adding entry into typings cache: 'utm' => 'C:/Users/andre/AppData/Local/Microsoft/TypeScript/4.5/node_modules/@types/utm/index.d.ts'
[15:03:11.085] Adding entry into typings cache: 'uuid' => 'C:/Users/andre/AppData/Local/Microsoft/TypeScript/4.5/node_modules/@types/uuid/index.d.ts'
[15:03:11.088] Adding entry into typings cache: 'validate-npm-package-license' => 'C:/Users/andre/AppData/Local/Microsoft/TypeScript/4.5/node_modules/@types/validate-npm-package-license/index.d.ts'
[15:03:11.092] Adding entry into typings cache: 'vary' => 'C:/Users/andre/AppData/Local/Microsoft/TypeScript/4.5/node_modules/@types/vary/index.d.ts'
[15:03:11.095] Adding entry into typings cache: 'verror' => 'C:/Users/andre/AppData/Local/Microsoft/TypeScript/4.5/node_modules/@types/verror/index.d.ts'
[15:03:11.098] Adding entry into typings cache: 'w3c-hr-time' => 'C:/Users/andre/AppData/Local/Microsoft/TypeScript/4.5/node_modules/@types/w3c-hr-time/index.d.ts'
[15:03:11.102] Adding entry into typings cache: 'w3c-xmlserializer' => 'C:/Users/andre/AppData/Local/Microsoft/TypeScript/4.5/node_modules/@types/w3c-xmlserializer/index.d.ts'
[15:03:11.109] Adding entry into typings cache: 'watchpack' => 'C:/Users/andre/AppData/Local/Microsoft/TypeScript/4.5/node_modules/@types/watchpack/index.d.ts'
[15:03:11.113] Adding entry into typings cache: 'webidl-conversions' => 'C:/Users/andre/AppData/Local/Microsoft/TypeScript/4.5/node_modules/@types/webidl-conversions/index.d.ts'
[15:03:11.119] Adding entry into typings cache: 'webpack' => 'C:/Users/andre/AppData/Local/Microsoft/TypeScript/4.5/node_modules/webpack/types.d.ts'
[15:03:11.123] Adding entry into typings cache: 'webpack-bundle-analyzer' => 'C:/Users/andre/AppData/Local/Microsoft/TypeScript/4.5/node_modules/@types/webpack-bundle-analyzer/index.d.ts'
[15:03:11.130] Adding entry into typings cache: 'webpack-dev-middleware' => 'C:/Users/andre/AppData/Local/Microsoft/TypeScript/4.5/node_modules/@types/webpack-dev-middleware/index.d.ts'
[15:03:11.133] Adding entry into typings cache: 'webpack-hot-middleware' => 'C:/Users/andre/AppData/Local/Microsoft/TypeScript/4.5/node_modules/@types/webpack-hot-middleware/index.d.ts'
[15:03:11.136] Adding entry into typings cache: 'webpack-node-externals' => 'C:/Users/andre/AppData/Local/Microsoft/TypeScript/4.5/node_modules/@types/webpack-node-externals/index.d.ts'
[15:03:11.141] Adding entry into typings cache: 'webpack-sources' => 'C:/Users/andre/AppData/Local/Microsoft/TypeScript/4.5/node_modules/@types/webpack-sources/index.d.ts'
[15:03:11.145] Adding entry into typings cache: 'webpackbar' => 'C:/Users/andre/AppData/Local/Microsoft/TypeScript/4.5/node_modules/@types/webpackbar/index.d.ts'
[15:03:11.149] Adding entry into typings cache: 'whatwg-encoding' => 'C:/Users/andre/AppData/Local/Microsoft/TypeScript/4.5/node_modules/@types/whatwg-encoding/index.d.ts'
[15:03:11.153] Adding entry into typings cache: 'whatwg-mimetype' => 'C:/Users/andre/AppData/Local/Microsoft/TypeScript/4.5/node_modules/@types/whatwg-mimetype/index.d.ts'
[15:03:11.156] Adding entry into typings cache: 'whatwg-url' => 'C:/Users/andre/AppData/Local/Microsoft/TypeScript/4.5/node_modules/@types/whatwg-url/index.d.ts'
[15:03:11.160] Adding entry into typings cache: 'which' => 'C:/Users/andre/AppData/Local/Microsoft/TypeScript/4.5/node_modules/@types/which/index.d.ts'
[15:03:11.163] Adding entry into typings cache: 'wrap-ansi' => 'C:/Users/andre/AppData/Local/Microsoft/TypeScript/4.5/node_modules/@types/wrap-ansi/index.d.ts'
[15:03:11.166] Adding entry into typings cache: 'write-file-atomic' => 'C:/Users/andre/AppData/Local/Microsoft/TypeScript/4.5/node_modules/@types/write-file-atomic/index.d.ts'
[15:03:11.170] Adding entry into typings cache: 'ws' => 'C:/Users/andre/AppData/Local/Microsoft/TypeScript/4.5/node_modules/@types/ws/index.d.ts'
[15:03:11.172] Adding entry into typings cache: 'xml' => 'C:/Users/andre/AppData/Local/Microsoft/TypeScript/4.5/node_modules/@types/xml/index.d.ts'
[15:03:11.175] Adding entry into typings cache: 'xmldom' => 'C:/Users/andre/AppData/Local/Microsoft/TypeScript/4.5/node_modules/@types/xmldom/index.d.ts'
[15:03:11.178] Adding entry into typings cache: 'xtend' => 'C:/Users/andre/AppData/Local/Microsoft/TypeScript/4.5/node_modules/@types/xtend/index.d.ts'
[15:03:11.181] Adding entry into typings cache: 'xxhashjs' => 'C:/Users/andre/AppData/Local/Microsoft/TypeScript/4.5/node_modules/@types/xxhashjs/index.d.ts'
[15:03:11.185] Adding entry into typings cache: 'yallist' => 'C:/Users/andre/AppData/Local/Microsoft/TypeScript/4.5/node_modules/@types/yallist/index.d.ts'
[15:03:11.188] Adding entry into typings cache: 'yamljs' => 'C:/Users/andre/AppData/Local/Microsoft/TypeScript/4.5/node_modules/@types/yamljs/index.d.ts'
[15:03:11.192] Adding entry into typings cache: 'yargs' => 'C:/Users/andre/AppData/Local/Microsoft/TypeScript/4.5/node_modules/@types/yargs/index.d.ts'
[15:03:11.195] Adding entry into typings cache: 'yargs-parser' => 'C:/Users/andre/AppData/Local/Microsoft/TypeScript/4.5/node_modules/@types/yargs-parser/index.d.ts'
[15:03:11.196] Finished processing cache location 'C:/Users/andre/AppData/Local/Microsoft/TypeScript/4.5'
[15:03:11.197] Process id: 14828
[15:03:11.198] NPM location: "C:\Program Files\nodejs\npm" (explicit '--npmLocation' not  provided)
[15:03:11.198] validateDefaultNpmLocation: false
[15:03:11.199] Npm config file: C:/Users/andre/AppData/Local/Microsoft/TypeScript/4.5/package.json
[15:03:11.200] Updating types-registry npm package...
[15:03:11.200] Exec: "C:\Program Files\nodejs\npm" install --ignore-scripts types-registry@latest
[15:03:14.272]     Succeeded. stdout:
    
    up to date, audited 770 packages in 2s

16 packages are looking for funding
  run `npm fund` for details

9 vulnerabilities (6 moderate, 3 high)

To address issues that do not require attention, run:
  npm audit fix

To address all issues possible (including breaking changes), run:
  npm audit fix --force

Some issues need review, and may require choosing
a different dependency.

Run `npm audit` for details.

[15:03:14.273] Updated types-registry npm package
